make: Nothing to be done for `all'.
Call CG dense on matrix size (10000 x 10000)
	[STEP 0] residual = 1.070633e+07
	[STEP 1] residual = 1.753495e+07
	[STEP 2] residual = 2.746511e+07
	[STEP 3] residual = 2.776614e+07
	[STEP 4] residual = 2.656662e+07
	[STEP 5] residual = 2.764683e+07
	[STEP 6] residual = 2.490272e+07
	[STEP 7] residual = 2.660065e+07
	[STEP 8] residual = 2.528240e+07
	[STEP 9] residual = 2.454865e+07
	[STEP 10] residual = 2.415768e+07
	[STEP 11] residual = 2.312241e+07
	[STEP 12] residual = 2.379664e+07
	[STEP 13] residual = 2.287525e+07
	[STEP 14] residual = 2.308773e+07
	[STEP 15] residual = 2.160961e+07
	[STEP 16] residual = 2.111589e+07
	[STEP 17] residual = 2.010329e+07
	[STEP 18] residual = 2.003624e+07
	[STEP 19] residual = 1.990556e+07
	[STEP 20] residual = 1.984895e+07
	[STEP 21] residual = 1.945824e+07
	[STEP 22] residual = 1.856833e+07
	[STEP 23] residual = 1.780442e+07
	[STEP 24] residual = 1.700165e+07
	[STEP 25] residual = 1.684243e+07
	[STEP 26] residual = 1.667779e+07
	[STEP 27] residual = 1.675390e+07
	[STEP 28] residual = 1.631380e+07
	[STEP 29] residual = 1.572112e+07
	[STEP 30] residual = 1.486453e+07
	[STEP 31] residual = 1.425235e+07
	[STEP 32] residual = 1.391598e+07
	[STEP 33] residual = 1.384372e+07
	[STEP 34] residual = 1.383957e+07
	[STEP 35] residual = 1.355196e+07
	[STEP 36] residual = 1.305091e+07
	[STEP 37] residual = 1.229108e+07
	[STEP 38] residual = 1.173887e+07
	[STEP 39] residual = 1.133335e+07
	[STEP 40] residual = 1.128380e+07
	[STEP 41] residual = 1.120315e+07
	[STEP 42] residual = 1.106998e+07
	[STEP 43] residual = 1.059436e+07
	[STEP 44] residual = 1.002108e+07
	[STEP 45] residual = 9.435915e+06
	[STEP 46] residual = 9.086255e+06
	[STEP 47] residual = 8.933500e+06
	[STEP 48] residual = 8.891657e+06
	[STEP 49] residual = 8.764218e+06
	[STEP 50] residual = 8.420776e+06
	[STEP 51] residual = 7.929571e+06
	[STEP 52] residual = 7.409693e+06
	[STEP 53] residual = 7.054586e+06
	[STEP 54] residual = 6.859573e+06
	[STEP 55] residual = 6.800687e+06
	[STEP 56] residual = 6.687609e+06
	[STEP 57] residual = 6.444202e+06
	[STEP 58] residual = 6.033864e+06
	[STEP 59] residual = 5.594313e+06
	[STEP 60] residual = 5.234098e+06
	[STEP 61] residual = 5.019505e+06
	[STEP 62] residual = 4.916344e+06
	[STEP 63] residual = 4.817306e+06
	[STEP 64] residual = 4.632895e+06
	[STEP 65] residual = 4.316949e+06
	[STEP 66] residual = 3.965512e+06
	[STEP 67] residual = 3.669310e+06
	[STEP 68] residual = 3.545392e+06
	[STEP 69] residual = 3.593569e+06
	[STEP 70] residual = 3.763813e+06
	[STEP 71] residual = 3.838927e+06
	[STEP 72] residual = 3.710182e+06
	[STEP 73] residual = 3.508056e+06
	[STEP 74] residual = 3.476201e+06
	[STEP 75] residual = 3.493253e+06
	[STEP 76] residual = 3.294189e+06
	[STEP 77] residual = 3.084710e+06
	[STEP 78] residual = 3.191002e+06
	[STEP 79] residual = 3.224787e+06
	[STEP 80] residual = 2.788224e+06
	[STEP 81] residual = 2.508769e+06
	[STEP 82] residual = 2.581989e+06
	[STEP 83] residual = 2.521507e+06
	[STEP 84] residual = 2.380568e+06
	[STEP 85] residual = 2.422007e+06
	[STEP 86] residual = 2.326502e+06
	[STEP 87] residual = 2.139716e+06
	[STEP 88] residual = 2.001114e+06
	[STEP 89] residual = 1.847922e+06
	[STEP 90] residual = 1.855480e+06
	[STEP 91] residual = 1.884604e+06
	[STEP 92] residual = 1.732907e+06
	[STEP 93] residual = 1.665308e+06
	[STEP 94] residual = 1.605255e+06
	[STEP 95] residual = 1.477139e+06
	[STEP 96] residual = 1.413414e+06
	[STEP 97] residual = 1.311697e+06
	[STEP 98] residual = 1.280585e+06
	[STEP 99] residual = 1.294002e+06
	[STEP 100] residual = 1.203653e+06
	[STEP 101] residual = 1.141114e+06
	[STEP 102] residual = 1.032706e+06
	[STEP 103] residual = 9.656071e+05
	[STEP 104] residual = 9.524809e+05
	[STEP 105] residual = 8.917287e+05
	[STEP 106] residual = 8.786312e+05
	[STEP 107] residual = 7.969236e+05
	[STEP 108] residual = 7.543485e+05
	[STEP 109] residual = 7.079785e+05
	[STEP 110] residual = 6.588106e+05
	[STEP 111] residual = 6.358722e+05
	[STEP 112] residual = 5.720630e+05
	[STEP 113] residual = 5.495054e+05
	[STEP 114] residual = 4.980665e+05
	[STEP 115] residual = 4.772412e+05
	[STEP 116] residual = 4.431175e+05
	[STEP 117] residual = 4.108182e+05
	[STEP 118] residual = 3.825640e+05
	[STEP 119] residual = 3.425960e+05
	[STEP 120] residual = 3.180917e+05
	[STEP 121] residual = 2.823158e+05
	[STEP 122] residual = 2.630753e+05
	[STEP 123] residual = 2.405104e+05
	[STEP 124] residual = 2.254130e+05
	[STEP 125] residual = 2.073502e+05
	[STEP 126] residual = 1.831946e+05
	[STEP 127] residual = 1.593948e+05
	[STEP 128] residual = 1.341734e+05
	[STEP 129] residual = 1.189935e+05
	[STEP 130] residual = 1.080301e+05
	[STEP 131] residual = 1.026306e+05
	[STEP 132] residual = 9.541862e+04
	[STEP 133] residual = 8.316913e+04
	[STEP 134] residual = 6.944072e+04
	[STEP 135] residual = 5.577849e+04
	[STEP 136] residual = 4.963394e+04
	[STEP 137] residual = 4.790560e+04
	[STEP 138] residual = 5.476960e+04
	[STEP 139] residual = 6.319733e+04
	[STEP 140] residual = 7.225984e+04
	[STEP 141] residual = 7.076563e+04
	[STEP 142] residual = 6.367690e+04
	[STEP 143] residual = 5.405061e+04
	[STEP 144] residual = 4.776817e+04
	[STEP 145] residual = 4.363971e+04
	[STEP 146] residual = 3.921326e+04
	[STEP 147] residual = 3.451248e+04
	[STEP 148] residual = 3.057519e+04
	[STEP 149] residual = 3.053314e+04
	[STEP 150] residual = 3.207821e+04
	[STEP 151] residual = 3.236456e+04
	[STEP 152] residual = 2.763122e+04
	[STEP 153] residual = 2.303993e+04
	[STEP 154] residual = 2.063882e+04
	[STEP 155] residual = 1.983302e+04
	[STEP 156] residual = 1.790745e+04
	[STEP 157] residual = 1.582047e+04
	[STEP 158] residual = 1.484898e+04
	[STEP 159] residual = 1.395988e+04
	[STEP 160] residual = 1.237605e+04
	[STEP 161] residual = 1.109382e+04
	[STEP 162] residual = 1.068485e+04
	[STEP 163] residual = 9.654263e+03
	[STEP 164] residual = 8.580827e+03
	[STEP 165] residual = 7.862174e+03
	[STEP 166] residual = 7.196619e+03
	[STEP 167] residual = 6.199871e+03
	[STEP 168] residual = 5.914984e+03
	[STEP 169] residual = 5.585625e+03
	[STEP 170] residual = 4.798864e+03
	[STEP 171] residual = 4.153854e+03
	[STEP 172] residual = 3.953546e+03
	[STEP 173] residual = 3.543890e+03
	[STEP 174] residual = 3.162179e+03
	[STEP 175] residual = 2.939750e+03
	[STEP 176] residual = 2.680770e+03
	[STEP 177] residual = 2.378432e+03
	[STEP 178] residual = 2.121616e+03
	[STEP 179] residual = 1.892126e+03
	[STEP 180] residual = 1.727504e+03
	[STEP 181] residual = 1.585920e+03
	[STEP 182] residual = 1.427769e+03
	[STEP 183] residual = 1.349414e+03
	[STEP 184] residual = 1.223156e+03
	[STEP 185] residual = 1.068391e+03
	[STEP 186] residual = 9.691202e+02
	[STEP 187] residual = 8.912449e+02
	[STEP 188] residual = 8.293062e+02
	[STEP 189] residual = 7.802481e+02
	[STEP 190] residual = 7.000686e+02
	[STEP 191] residual = 6.564960e+02
	[STEP 192] residual = 6.054656e+02
	[STEP 193] residual = 5.361250e+02
	[STEP 194] residual = 4.970923e+02
	[STEP 195] residual = 4.501386e+02
	[STEP 196] residual = 4.450575e+02
	[STEP 197] residual = 4.264395e+02
	[STEP 198] residual = 3.883295e+02
	[STEP 199] residual = 3.545984e+02
	[STEP 200] residual = 3.217256e+02
	[STEP 201] residual = 3.084619e+02
	[STEP 202] residual = 2.993631e+02
	[STEP 203] residual = 2.670353e+02
	[STEP 204] residual = 2.487961e+02
	[STEP 205] residual = 2.199325e+02
	[STEP 206] residual = 2.095681e+02
	[STEP 207] residual = 1.836436e+02
	[STEP 208] residual = 1.681895e+02
	[STEP 209] residual = 1.530843e+02
	[STEP 210] residual = 1.421721e+02
	[STEP 211] residual = 1.367406e+02
	[STEP 212] residual = 1.266157e+02
	[STEP 213] residual = 1.163214e+02
	[STEP 214] residual = 1.049985e+02
	[STEP 215] residual = 9.235946e+01
	[STEP 216] residual = 8.548896e+01
	[STEP 217] residual = 7.608303e+01
	[STEP 218] residual = 7.133043e+01
	[STEP 219] residual = 6.293159e+01
	[STEP 220] residual = 5.680943e+01
	[STEP 221] residual = 5.088115e+01
	[STEP 222] residual = 4.607742e+01
	[STEP 223] residual = 4.208358e+01
	[STEP 224] residual = 3.729845e+01
	[STEP 225] residual = 3.400789e+01
	[STEP 226] residual = 3.078317e+01
	[STEP 227] residual = 2.799925e+01
	[STEP 228] residual = 2.448194e+01
	[STEP 229] residual = 2.141432e+01
	[STEP 230] residual = 1.916390e+01
	[STEP 231] residual = 1.766173e+01
	[STEP 232] residual = 1.601230e+01
	[STEP 233] residual = 1.456307e+01
	[STEP 234] residual = 1.311018e+01
	[STEP 235] residual = 1.208735e+01
	[STEP 236] residual = 1.078254e+01
	[STEP 237] residual = 9.883280e+00
	[STEP 238] residual = 9.170996e+00
	[STEP 239] residual = 8.752086e+00
	[STEP 240] residual = 8.148028e+00
	[STEP 241] residual = 7.534065e+00
	[STEP 242] residual = 6.928115e+00
	[STEP 243] residual = 6.473612e+00
	[STEP 244] residual = 6.223927e+00
	[STEP 245] residual = 6.030780e+00
	[STEP 246] residual = 5.519875e+00
	[STEP 247] residual = 5.062223e+00
	[STEP 248] residual = 4.929263e+00
	[STEP 249] residual = 4.890055e+00
	[STEP 250] residual = 4.556526e+00
	[STEP 251] residual = 4.300162e+00
	[STEP 252] residual = 4.215197e+00
	[STEP 253] residual = 4.101270e+00
	[STEP 254] residual = 4.082710e+00
	[STEP 255] residual = 4.030423e+00
	[STEP 256] residual = 3.897493e+00
	[STEP 257] residual = 3.811808e+00
	[STEP 258] residual = 3.847435e+00
	[STEP 259] residual = 3.683226e+00
	[STEP 260] residual = 3.778403e+00
	[STEP 261] residual = 3.939544e+00
	[STEP 262] residual = 3.579074e+00
	[STEP 263] residual = 3.350826e+00
	[STEP 264] residual = 3.455388e+00
	[STEP 265] residual = 3.286434e+00
	[STEP 266] residual = 2.951313e+00
	[STEP 267] residual = 2.830967e+00
	[STEP 268] residual = 2.441256e+00
	[STEP 269] residual = 2.171029e+00
	[STEP 270] residual = 1.970230e+00
	[STEP 271] residual = 1.724401e+00
	[STEP 272] residual = 1.549212e+00
	[STEP 273] residual = 1.411727e+00
	[STEP 274] residual = 1.239230e+00
	[STEP 275] residual = 1.168653e+00
	[STEP 276] residual = 1.077585e+00
	[STEP 277] residual = 1.006127e+00
	[STEP 278] residual = 1.039068e+00
	[STEP 279] residual = 1.023067e+00
	[STEP 280] residual = 1.013913e+00
	[STEP 281] residual = 9.646014e-01
	[STEP 282] residual = 8.415015e-01
	[STEP 283] residual = 7.424699e-01
	[STEP 284] residual = 6.166510e-01
	[STEP 285] residual = 5.098539e-01
	[STEP 286] residual = 4.396434e-01
	[STEP 287] residual = 3.707067e-01
	[STEP 288] residual = 3.328596e-01
	[STEP 289] residual = 3.079466e-01
	[STEP 290] residual = 2.868589e-01
	[STEP 291] residual = 2.771708e-01
	[STEP 292] residual = 2.529089e-01
	[STEP 293] residual = 2.288405e-01
	[STEP 294] residual = 2.027195e-01
	[STEP 295] residual = 1.763183e-01
	[STEP 296] residual = 1.618485e-01
	[STEP 297] residual = 1.453134e-01
	[STEP 298] residual = 1.317097e-01
	[STEP 299] residual = 1.138275e-01
	[STEP 300] residual = 9.850375e-02
	[STEP 301] residual = 8.881881e-02
	[STEP 302] residual = 8.147176e-02
	[STEP 303] residual = 7.313264e-02
	[STEP 304] residual = 6.220514e-02
	[STEP 305] residual = 5.296287e-02
	[STEP 306] residual = 4.633881e-02
	[STEP 307] residual = 4.055712e-02
	[STEP 308] residual = 3.390794e-02
	[STEP 309] residual = 2.813763e-02
	[STEP 310] residual = 2.433055e-02
	[STEP 311] residual = 2.161495e-02
	[STEP 312] residual = 1.887308e-02
	[STEP 313] residual = 1.630424e-02
	[STEP 314] residual = 1.447440e-02
	[STEP 315] residual = 1.315954e-02
	[STEP 316] residual = 1.153932e-02
	[STEP 317] residual = 1.033735e-02
	[STEP 318] residual = 9.132520e-03
	[STEP 319] residual = 8.172084e-03
	[STEP 320] residual = 6.972500e-03
	[STEP 321] residual = 6.223424e-03
	[STEP 322] residual = 5.723412e-03
	[STEP 323] residual = 5.160962e-03
	[STEP 324] residual = 4.613435e-03
	[STEP 325] residual = 4.060232e-03
	[STEP 326] residual = 3.588563e-03
	[STEP 327] residual = 3.039281e-03
	[STEP 328] residual = 2.637397e-03
	[STEP 329] residual = 2.331658e-03
	[STEP 330] residual = 2.058808e-03
	[STEP 331] residual = 1.842784e-03
	[STEP 332] residual = 1.615512e-03
	[STEP 333] residual = 1.378516e-03
	[STEP 334] residual = 1.185393e-03
	[STEP 335] residual = 1.075979e-03
	[STEP 336] residual = 9.631510e-04
	[STEP 337] residual = 8.654020e-04
	[STEP 338] residual = 8.201262e-04
	[STEP 339] residual = 7.737080e-04
	[STEP 340] residual = 6.924576e-04
	[STEP 341] residual = 6.711400e-04
	[STEP 342] residual = 6.623406e-04
	[STEP 343] residual = 6.298877e-04
	[STEP 344] residual = 6.099437e-04
	[STEP 345] residual = 6.380972e-04
	[STEP 346] residual = 6.279800e-04
	[STEP 347] residual = 5.787382e-04
	[STEP 348] residual = 5.090023e-04
	[STEP 349] residual = 4.396299e-04
	[STEP 350] residual = 4.041382e-04
	[STEP 351] residual = 3.838096e-04
	[STEP 352] residual = 3.471003e-04
	[STEP 353] residual = 3.123343e-04
	[STEP 354] residual = 2.623452e-04
	[STEP 355] residual = 2.250823e-04
	[STEP 356] residual = 1.992509e-04
	[STEP 357] residual = 1.792955e-04
	[STEP 358] residual = 1.464067e-04
	[STEP 359] residual = 1.314099e-04
	[STEP 360] residual = 1.143475e-04
	[STEP 361] residual = 1.006075e-04
	[STEP 362] residual = 8.546931e-05
	[STEP 363] residual = 6.982636e-05
	[STEP 364] residual = 5.967730e-05
	[STEP 365] residual = 5.458526e-05
	[STEP 366] residual = 4.848427e-05
	[STEP 367] residual = 4.304426e-05
	[STEP 368] residual = 3.815475e-05
	[STEP 369] residual = 3.168111e-05
	[STEP 370] residual = 2.677521e-05
	[STEP 371] residual = 2.153305e-05
	[STEP 372] residual = 1.755707e-05
	[STEP 373] residual = 1.527970e-05
	[STEP 374] residual = 1.328875e-05
	[STEP 375] residual = 1.142119e-05
	[STEP 376] residual = 9.524715e-06
	[STEP 377] residual = 7.624582e-06
	[STEP 378] residual = 6.260290e-06
	[STEP 379] residual = 5.247505e-06
	[STEP 380] residual = 4.357052e-06
	[STEP 381] residual = 3.815198e-06
	[STEP 382] residual = 3.221293e-06
	[STEP 383] residual = 2.793075e-06
	[STEP 384] residual = 2.248865e-06
	[STEP 385] residual = 1.797992e-06
	[STEP 386] residual = 1.420287e-06
	[STEP 387] residual = 1.220597e-06
	[STEP 388] residual = 1.050541e-06
	[STEP 389] residual = 9.401405e-07
	[STEP 390] residual = 7.931513e-07
	[STEP 391] residual = 6.846035e-07
	[STEP 392] residual = 5.762350e-07
	[STEP 393] residual = 4.826348e-07
	[STEP 394] residual = 4.017775e-07
	[STEP 395] residual = 3.435006e-07
	[STEP 396] residual = 3.092954e-07
	[STEP 397] residual = 2.848717e-07
	[STEP 398] residual = 2.546960e-07
	[STEP 399] residual = 2.190035e-07
	[STEP 400] residual = 1.890259e-07
	[STEP 401] residual = 1.729128e-07
	[STEP 402] residual = 1.665044e-07
	[STEP 403] residual = 1.558086e-07
	[STEP 404] residual = 1.402858e-07
	[STEP 405] residual = 1.290257e-07
	[STEP 406] residual = 1.168843e-07
	[STEP 407] residual = 1.071763e-07
	[STEP 408] residual = 9.441384e-08
	[STEP 409] residual = 8.554483e-08
	[STEP 410] residual = 7.807665e-08
	[STEP 411] residual = 7.151331e-08
	[STEP 412] residual = 6.676970e-08
	[STEP 413] residual = 6.160886e-08
	[STEP 414] residual = 5.728778e-08
	[STEP 415] residual = 5.118662e-08
	[STEP 416] residual = 4.433342e-08
	[STEP 417] residual = 3.539797e-08
	[STEP 418] residual = 2.748855e-08
	[STEP 419] residual = 2.199086e-08
	[STEP 420] residual = 1.752857e-08
	[STEP 421] residual = 1.467977e-08
	[STEP 422] residual = 1.297772e-08
	[STEP 423] residual = 1.189991e-08
	[STEP 424] residual = 1.029697e-08
	[STEP 425] residual = 8.769401e-09
	[STEP 426] residual = 7.131777e-09
	[STEP 427] residual = 5.524931e-09
	[STEP 428] residual = 4.516115e-09
	[STEP 429] residual = 4.034312e-09
	[STEP 430] residual = 3.620158e-09
	[STEP 431] residual = 3.260463e-09
	[STEP 432] residual = 2.994551e-09
	[STEP 433] residual = 2.623517e-09
	[STEP 434] residual = 2.298882e-09
	[STEP 435] residual = 2.280433e-09
	[STEP 436] residual = 2.171937e-09
	[STEP 437] residual = 1.949786e-09
	[STEP 438] residual = 1.791625e-09
	[STEP 439] residual = 1.610596e-09
	[STEP 440] residual = 1.373748e-09
	[STEP 441] residual = 1.220042e-09
	[STEP 442] residual = 1.118463e-09
	[STEP 443] residual = 9.682195e-10
	[STEP 444] residual = 8.725454e-10
	[STEP 445] residual = 7.459641e-10
	[STEP 446] residual = 6.309666e-10
	[STEP 447] residual = 5.599183e-10
	[STEP 448] residual = 5.004529e-10
	[STEP 449] residual = 4.893434e-10
	[STEP 450] residual = 5.030213e-10
	[STEP 451] residual = 5.206287e-10
	[STEP 452] residual = 5.268790e-10
	[STEP 453] residual = 5.851574e-10
	[STEP 454] residual = 6.313877e-10
	[STEP 455] residual = 7.150131e-10
	[STEP 456] residual = 8.023815e-10
	[STEP 457] residual = 8.644757e-10
	[STEP 458] residual = 9.389855e-10
	[STEP 459] residual = 9.465553e-10
	[STEP 460] residual = 9.363955e-10
	[STEP 461] residual = 9.755651e-10
	[STEP 462] residual = 1.004892e-09
	[STEP 463] residual = 1.048933e-09
	[STEP 464] residual = 1.073745e-09
	[STEP 465] residual = 1.051165e-09
	[STEP 466] residual = 1.055001e-09
	[STEP 467] residual = 1.048068e-09
	[STEP 468] residual = 1.035048e-09
	[STEP 469] residual = 1.026612e-09
	[STEP 470] residual = 1.001820e-09
	[STEP 471] residual = 9.536776e-10
	[STEP 472] residual = 8.994895e-10
	[STEP 473] residual = 7.861630e-10
	[STEP 474] residual = 7.627457e-10
	[STEP 475] residual = 6.972421e-10
	[STEP 476] residual = 6.320345e-10
	[STEP 477] residual = 5.427963e-10
	[STEP 478] residual = 4.655487e-10
	[STEP 479] residual = 4.100907e-10
	[STEP 480] residual = 3.466831e-10
	[STEP 481] residual = 2.853508e-10
	[STEP 482] residual = 2.453684e-10
	[STEP 483] residual = 2.059004e-10
	[STEP 484] residual = 1.751969e-10
	[STEP 485] residual = 1.498422e-10
	[STEP 486] residual = 1.280569e-10
	[STEP 487] residual = 1.110435e-10
Time for CG (dense solver)  = 3.886343e+01 [s]
srun: error: Unable to create step for job 19343479: More processors requested than permitted
srun: error: Unable to create step for job 19343479: More processors requested than permitted
srun: error: Unable to create step for job 19343479: More processors requested than permitted
srun: error: Unable to create step for job 19343479: More processors requested than permitted
