make: Nothing to be done for `all'.
Call CG dense on matrix size (10000 x 10000)
	[STEP 488] residual = 1.110435e-10, ||x|| = 2.147364e+09, ||Ax - b||/||b|| = 1.327036e-12
Time for CG (dense solver)  = 3.453382e+01 [s]
Call CG dense on matrix size (10000 x 10000)
	[STEP 0] residual = 1.070633e+07
	[STEP 1] residual = 1.753495e+07
	[STEP 2] residual = 2.746511e+07
	[STEP 3] residual = 2.776614e+07
	[STEP 4] residual = 2.656662e+07
	[STEP 5] residual = 2.764683e+07
	[STEP 6] residual = 2.490272e+07
	[STEP 7] residual = 2.660065e+07
	[STEP 8] residual = 2.528240e+07
	[STEP 9] residual = 2.454865e+07
	[STEP 10] residual = 2.415768e+07
	[STEP 11] residual = 2.312241e+07
	[STEP 12] residual = 2.379664e+07
	[STEP 13] residual = 2.287525e+07
	[STEP 14] residual = 2.308773e+07
	[STEP 15] residual = 2.160961e+07
	[STEP 16] residual = 2.111589e+07
	[STEP 17] residual = 2.010329e+07
	[STEP 18] residual = 2.003624e+07
	[STEP 19] residual = 1.990556e+07
	[STEP 20] residual = 1.984895e+07
	[STEP 21] residual = 1.945824e+07
	[STEP 22] residual = 1.856833e+07
	[STEP 23] residual = 1.780442e+07
	[STEP 24] residual = 1.700165e+07
	[STEP 25] residual = 1.684243e+07
	[STEP 26] residual = 1.667779e+07
	[STEP 27] residual = 1.675390e+07
	[STEP 28] residual = 1.631380e+07
	[STEP 29] residual = 1.572112e+07
	[STEP 30] residual = 1.486453e+07
	[STEP 31] residual = 1.425235e+07
	[STEP 32] residual = 1.391598e+07
	[STEP 33] residual = 1.384372e+07
	[STEP 34] residual = 1.383957e+07
	[STEP 35] residual = 1.355196e+07
	[STEP 36] residual = 1.305091e+07
	[STEP 37] residual = 1.229108e+07
	[STEP 38] residual = 1.173887e+07
	[STEP 39] residual = 1.133335e+07
	[STEP 40] residual = 1.128380e+07
	[STEP 41] residual = 1.120315e+07
	[STEP 42] residual = 1.106998e+07
	[STEP 43] residual = 1.059436e+07
	[STEP 44] residual = 1.002108e+07
	[STEP 45] residual = 9.435915e+06
	[STEP 46] residual = 9.086255e+06
	[STEP 47] residual = 8.933500e+06
	[STEP 48] residual = 8.891657e+06
	[STEP 49] residual = 8.764218e+06
	[STEP 50] residual = 8.420776e+06
	[STEP 51] residual = 7.929571e+06
	[STEP 52] residual = 7.409693e+06
	[STEP 53] residual = 7.054586e+06
	[STEP 54] residual = 6.859573e+06
	[STEP 55] residual = 6.800687e+06
	[STEP 56] residual = 6.687609e+06
	[STEP 57] residual = 6.444202e+06
	[STEP 58] residual = 6.033864e+06
	[STEP 59] residual = 5.594313e+06
	[STEP 60] residual = 5.234098e+06
	[STEP 61] residual = 5.019505e+06
	[STEP 62] residual = 4.916344e+06
	[STEP 63] residual = 4.817306e+06
	[STEP 64] residual = 4.632895e+06
	[STEP 65] residual = 4.316949e+06
	[STEP 66] residual = 3.965512e+06
	[STEP 67] residual = 3.669310e+06
	[STEP 68] residual = 3.545392e+06
	[STEP 69] residual = 3.593569e+06
	[STEP 70] residual = 3.763813e+06
	[STEP 71] residual = 3.838927e+06
	[STEP 72] residual = 3.710182e+06
	[STEP 73] residual = 3.508056e+06
	[STEP 74] residual = 3.476201e+06
	[STEP 75] residual = 3.493253e+06
	[STEP 76] residual = 3.294189e+06
	[STEP 77] residual = 3.084710e+06
	[STEP 78] residual = 3.191002e+06
	[STEP 79] residual = 3.224787e+06
	[STEP 80] residual = 2.788224e+06
	[STEP 81] residual = 2.508769e+06
	[STEP 82] residual = 2.581989e+06
	[STEP 83] residual = 2.521507e+06
	[STEP 84] residual = 2.380568e+06
	[STEP 85] residual = 2.422007e+06
	[STEP 86] residual = 2.326502e+06
	[STEP 87] residual = 2.139716e+06
	[STEP 88] residual = 2.001114e+06
	[STEP 89] residual = 1.847922e+06
	[STEP 90] residual = 1.855480e+06
	[STEP 91] residual = 1.884604e+06
	[STEP 92] residual = 1.732907e+06
	[STEP 93] residual = 1.665308e+06
	[STEP 94] residual = 1.605255e+06
	[STEP 95] residual = 1.477139e+06
	[STEP 96] residual = 1.413414e+06
	[STEP 97] residual = 1.311697e+06
	[STEP 98] residual = 1.280585e+06
	[STEP 99] residual = 1.294002e+06
	[STEP 100] residual = 1.203653e+06
	[STEP 101] residual = 1.141114e+06
	[STEP 102] residual = 1.032706e+06
	[STEP 103] residual = 9.656071e+05
	[STEP 104] residual = 9.524809e+05
	[STEP 105] residual = 8.917287e+05
	[STEP 106] residual = 8.786312e+05
	[STEP 107] residual = 7.969236e+05
	[STEP 108] residual = 7.543485e+05
	[STEP 109] residual = 7.079785e+05
	[STEP 110] residual = 6.588106e+05
	[STEP 111] residual = 6.358722e+05
	[STEP 112] residual = 5.720630e+05
	[STEP 113] residual = 5.495054e+05
	[STEP 114] residual = 4.980665e+05
	[STEP 115] residual = 4.772412e+05
	[STEP 116] residual = 4.431175e+05
	[STEP 117] residual = 4.108182e+05
	[STEP 118] residual = 3.825640e+05
	[STEP 119] residual = 3.425960e+05
	[STEP 120] residual = 3.180917e+05
	[STEP 121] residual = 2.823158e+05
	[STEP 122] residual = 2.630753e+05
	[STEP 123] residual = 2.405104e+05
	[STEP 124] residual = 2.254130e+05
	[STEP 125] residual = 2.073502e+05
	[STEP 126] residual = 1.831946e+05
	[STEP 127] residual = 1.593948e+05
	[STEP 128] residual = 1.341734e+05
	[STEP 129] residual = 1.189935e+05
	[STEP 130] residual = 1.080301e+05
	[STEP 131] residual = 1.026306e+05
	[STEP 132] residual = 9.541862e+04
	[STEP 133] residual = 8.316913e+04
	[STEP 134] residual = 6.944072e+04
	[STEP 135] residual = 5.577849e+04
	[STEP 136] residual = 4.963394e+04
	[STEP 137] residual = 4.790560e+04
	[STEP 138] residual = 5.476960e+04
	[STEP 139] residual = 6.319733e+04
	[STEP 140] residual = 7.225984e+04
	[STEP 141] residual = 7.076563e+04
	[STEP 142] residual = 6.367690e+04
	[STEP 143] residual = 5.405061e+04
	[STEP 144] residual = 4.776817e+04
	[STEP 145] residual = 4.363971e+04
	[STEP 146] residual = 3.921326e+04
	[STEP 147] residual = 3.451248e+04
	[STEP 148] residual = 3.057519e+04
	[STEP 149] residual = 3.053314e+04
	[STEP 150] residual = 3.207821e+04
	[STEP 151] residual = 3.236456e+04
	[STEP 152] residual = 2.763122e+04
	[STEP 153] residual = 2.303993e+04
	[STEP 154] residual = 2.063882e+04
	[STEP 155] residual = 1.983302e+04
	[STEP 156] residual = 1.790745e+04
	[STEP 157] residual = 1.582047e+04
	[STEP 158] residual = 1.484898e+04
	[STEP 159] residual = 1.395988e+04
	[STEP 160] residual = 1.237605e+04
	[STEP 161] residual = 1.109382e+04
	[STEP 162] residual = 1.068485e+04
	[STEP 163] residual = 9.654263e+03
	[STEP 164] residual = 8.580827e+03
	[STEP 165] residual = 7.862174e+03
	[STEP 166] residual = 7.196619e+03
	[STEP 167] residual = 6.199871e+03
	[STEP 168] residual = 5.914984e+03
	[STEP 169] residual = 5.585625e+03
	[STEP 170] residual = 4.798864e+03
	[STEP 171] residual = 4.153854e+03
	[STEP 172] residual = 3.953546e+03
	[STEP 173] residual = 3.543890e+03
	[STEP 174] residual = 3.162179e+03
	[STEP 175] residual = 2.939750e+03
	[STEP 176] residual = 2.680770e+03
	[STEP 177] residual = 2.378432e+03
	[STEP 178] residual = 2.121616e+03
	[STEP 179] residual = 1.892126e+03
	[STEP 180] residual = 1.727504e+03
	[STEP 181] residual = 1.585920e+03
	[STEP 182] residual = 1.427769e+03
	[STEP 183] residual = 1.349414e+03
	[STEP 184] residual = 1.223156e+03
	[STEP 185] residual = 1.068391e+03
	[STEP 186] residual = 9.691202e+02
	[STEP 187] residual = 8.912449e+02
	[STEP 188] residual = 8.293062e+02
	[STEP 189] residual = 7.802481e+02
	[STEP 190] residual = 7.000686e+02
	[STEP 191] residual = 6.564960e+02
	[STEP 192] residual = 6.054656e+02
	[STEP 193] residual = 5.361250e+02
	[STEP 194] residual = 4.970923e+02
	[STEP 195] residual = 4.501386e+02
	[STEP 196] residual = 4.450575e+02
	[STEP 197] residual = 4.264395e+02
	[STEP 198] residual = 3.883295e+02
	[STEP 199] residual = 3.545984e+02
	[STEP 200] residual = 3.217256e+02
	[STEP 201] residual = 3.084619e+02
	[STEP 202] residual = 2.993631e+02
	[STEP 203] residual = 2.670353e+02
	[STEP 204] residual = 2.487961e+02
	[STEP 205] residual = 2.199325e+02
	[STEP 206] residual = 2.095681e+02
	[STEP 207] residual = 1.836436e+02
	[STEP 208] residual = 1.681895e+02
	[STEP 209] residual = 1.530843e+02
	[STEP 210] residual = 1.421721e+02
	[STEP 211] residual = 1.367406e+02
	[STEP 212] residual = 1.266157e+02
	[STEP 213] residual = 1.163214e+02
	[STEP 214] residual = 1.049985e+02
	[STEP 215] residual = 9.235946e+01
	[STEP 216] residual = 8.548896e+01
	[STEP 217] residual = 7.608303e+01
	[STEP 218] residual = 7.133043e+01
	[STEP 219] residual = 6.293159e+01
	[STEP 220] residual = 5.680943e+01
	[STEP 221] residual = 5.088115e+01
	[STEP 222] residual = 4.607742e+01
	[STEP 223] residual = 4.208358e+01
	[STEP 224] residual = 3.729845e+01
	[STEP 225] residual = 3.400789e+01
	[STEP 226] residual = 3.078317e+01
	[STEP 227] residual = 2.799925e+01
	[STEP 228] residual = 2.448194e+01
	[STEP 229] residual = 2.141432e+01
	[STEP 230] residual = 1.916390e+01
	[STEP 231] residual = 1.766173e+01
	[STEP 232] residual = 1.601230e+01
	[STEP 233] residual = 1.456307e+01
	[STEP 234] residual = 1.311018e+01
	[STEP 235] residual = 1.208735e+01
	[STEP 236] residual = 1.078254e+01
	[STEP 237] residual = 9.883280e+00
	[STEP 238] residual = 9.170996e+00
	[STEP 239] residual = 8.752086e+00
	[STEP 240] residual = 8.148028e+00
	[STEP 241] residual = 7.534065e+00
	[STEP 242] residual = 6.928115e+00
	[STEP 243] residual = 6.473612e+00
	[STEP 244] residual = 6.223927e+00
	[STEP 245] residual = 6.030780e+00
	[STEP 246] residual = 5.519875e+00
	[STEP 247] residual = 5.062223e+00
	[STEP 248] residual = 4.929263e+00
	[STEP 249] residual = 4.890055e+00
	[STEP 250] residual = 4.556526e+00
	[STEP 251] residual = 4.300162e+00
	[STEP 252] residual = 4.215197e+00
	[STEP 253] residual = 4.101270e+00
	[STEP 254] residual = 4.082710e+00
	[STEP 255] residual = 4.030423e+00
	[STEP 256] residual = 3.897493e+00
	[STEP 257] residual = 3.811808e+00
	[STEP 258] residual = 3.847435e+00
	[STEP 259] residual = 3.683226e+00
	[STEP 260] residual = 3.778403e+00
	[STEP 261] residual = 3.939544e+00
	[STEP 262] residual = 3.579074e+00
	[STEP 263] residual = 3.350826e+00
	[STEP 264] residual = 3.455388e+00
	[STEP 265] residual = 3.286434e+00
	[STEP 266] residual = 2.951313e+00
	[STEP 267] residual = 2.830967e+00
	[STEP 268] residual = 2.441256e+00
	[STEP 269] residual = 2.171029e+00
	[STEP 270] residual = 1.970230e+00
	[STEP 271] residual = 1.724401e+00
	[STEP 272] residual = 1.549212e+00
	[STEP 273] residual = 1.411727e+00
	[STEP 274] residual = 1.239230e+00
	[STEP 275] residual = 1.168653e+00
	[STEP 276] residual = 1.077585e+00
	[STEP 277] residual = 1.006127e+00
	[STEP 278] residual = 1.039068e+00
	[STEP 279] residual = 1.023067e+00
	[STEP 280] residual = 1.013913e+00
	[STEP 281] residual = 9.646014e-01
	[STEP 282] residual = 8.415015e-01
	[STEP 283] residual = 7.424699e-01
	[STEP 284] residual = 6.166510e-01
	[STEP 285] residual = 5.098539e-01
	[STEP 286] residual = 4.396434e-01
	[STEP 287] residual = 3.707067e-01
	[STEP 288] residual = 3.328596e-01
	[STEP 289] residual = 3.079466e-01
	[STEP 290] residual = 2.868589e-01
	[STEP 291] residual = 2.771708e-01
	[STEP 292] residual = 2.529089e-01
	[STEP 293] residual = 2.288405e-01
	[STEP 294] residual = 2.027195e-01
	[STEP 295] residual = 1.763183e-01
	[STEP 296] residual = 1.618485e-01
	[STEP 297] residual = 1.453134e-01
	[STEP 298] residual = 1.317097e-01
	[STEP 299] residual = 1.138275e-01
	[STEP 300] residual = 9.850375e-02
	[STEP 301] residual = 8.881881e-02
	[STEP 302] residual = 8.147176e-02
	[STEP 303] residual = 7.313264e-02
	[STEP 304] residual = 6.220514e-02
	[STEP 305] residual = 5.296287e-02
	[STEP 306] residual = 4.633881e-02
	[STEP 307] residual = 4.055712e-02
	[STEP 308] residual = 3.390794e-02
	[STEP 309] residual = 2.813763e-02
	[STEP 310] residual = 2.433055e-02
	[STEP 311] residual = 2.161495e-02
	[STEP 312] residual = 1.887308e-02
	[STEP 313] residual = 1.630424e-02
	[STEP 314] residual = 1.447440e-02
	[STEP 315] residual = 1.315954e-02
	[STEP 316] residual = 1.153932e-02
	[STEP 317] residual = 1.033735e-02
	[STEP 318] residual = 9.132520e-03
	[STEP 319] residual = 8.172084e-03
	[STEP 320] residual = 6.972500e-03
	[STEP 321] residual = 6.223424e-03
	[STEP 322] residual = 5.723412e-03
	[STEP 323] residual = 5.160962e-03
	[STEP 324] residual = 4.613435e-03
	[STEP 325] residual = 4.060232e-03
	[STEP 326] residual = 3.588563e-03
	[STEP 327] residual = 3.039281e-03
	[STEP 328] residual = 2.637397e-03
	[STEP 329] residual = 2.331658e-03
	[STEP 330] residual = 2.058808e-03
	[STEP 331] residual = 1.842784e-03
	[STEP 332] residual = 1.615512e-03
	[STEP 333] residual = 1.378516e-03
	[STEP 334] residual = 1.185393e-03
	[STEP 335] residual = 1.075979e-03
	[STEP 336] residual = 9.631510e-04
	[STEP 337] residual = 8.654020e-04
	[STEP 338] residual = 8.201262e-04
	[STEP 339] residual = 7.737080e-04
	[STEP 340] residual = 6.924576e-04
	[STEP 341] residual = 6.711400e-04
	[STEP 342] residual = 6.623406e-04
	[STEP 343] residual = 6.298877e-04
	[STEP 344] residual = 6.099437e-04
	[STEP 345] residual = 6.380972e-04
	[STEP 346] residual = 6.279800e-04
	[STEP 347] residual = 5.787382e-04
	[STEP 348] residual = 5.090023e-04
	[STEP 349] residual = 4.396299e-04
	[STEP 350] residual = 4.041382e-04
	[STEP 351] residual = 3.838096e-04
	[STEP 352] residual = 3.471003e-04
	[STEP 353] residual = 3.123343e-04
	[STEP 354] residual = 2.623452e-04
	[STEP 355] residual = 2.250823e-04
	[STEP 356] residual = 1.992509e-04
	[STEP 357] residual = 1.792955e-04
	[STEP 358] residual = 1.464067e-04
	[STEP 359] residual = 1.314099e-04
	[STEP 360] residual = 1.143475e-04
	[STEP 361] residual = 1.006075e-04
	[STEP 362] residual = 8.546931e-05
	[STEP 363] residual = 6.982636e-05
	[STEP 364] residual = 5.967730e-05
	[STEP 365] residual = 5.458526e-05
	[STEP 366] residual = 4.848427e-05
	[STEP 367] residual = 4.304426e-05
	[STEP 368] residual = 3.815475e-05
	[STEP 369] residual = 3.168111e-05
	[STEP 370] residual = 2.677521e-05
	[STEP 371] residual = 2.153305e-05
	[STEP 372] residual = 1.755707e-05
	[STEP 373] residual = 1.527970e-05
	[STEP 374] residual = 1.328875e-05
	[STEP 375] residual = 1.142119e-05
	[STEP 376] residual = 9.524715e-06
	[STEP 377] residual = 7.624582e-06
	[STEP 378] residual = 6.260290e-06
	[STEP 379] residual = 5.247505e-06
	[STEP 380] residual = 4.357052e-06
	[STEP 381] residual = 3.815198e-06
	[STEP 382] residual = 3.221293e-06
	[STEP 383] residual = 2.793075e-06
	[STEP 384] residual = 2.248865e-06
	[STEP 385] residual = 1.797992e-06
	[STEP 386] residual = 1.420287e-06
	[STEP 387] residual = 1.220597e-06
	[STEP 388] residual = 1.050541e-06
	[STEP 389] residual = 9.401406e-07
	[STEP 390] residual = 7.931514e-07
	[STEP 391] residual = 6.846036e-07
	[STEP 392] residual = 5.762351e-07
	[STEP 393] residual = 4.826349e-07
	[STEP 394] residual = 4.017776e-07
	[STEP 395] residual = 3.435008e-07
	[STEP 396] residual = 3.092956e-07
	[STEP 397] residual = 2.848719e-07
	[STEP 398] residual = 2.546962e-07
	[STEP 399] residual = 2.190037e-07
	[STEP 400] residual = 1.890262e-07
	[STEP 401] residual = 1.729131e-07
	[STEP 402] residual = 1.665048e-07
	[STEP 403] residual = 1.558090e-07
	[STEP 404] residual = 1.402862e-07
	[STEP 405] residual = 1.290262e-07
	[STEP 406] residual = 1.168849e-07
	[STEP 407] residual = 1.071769e-07
	[STEP 408] residual = 9.441452e-08
	[STEP 409] residual = 8.554557e-08
	[STEP 410] residual = 7.807747e-08
	[STEP 411] residual = 7.151422e-08
	[STEP 412] residual = 6.677071e-08
	[STEP 413] residual = 6.160997e-08
	[STEP 414] residual = 5.728900e-08
	[STEP 415] residual = 5.118791e-08
	[STEP 416] residual = 4.433476e-08
	[STEP 417] residual = 3.539930e-08
	[STEP 418] residual = 2.748991e-08
	[STEP 419] residual = 2.199238e-08
	[STEP 420] residual = 1.753030e-08
	[STEP 421] residual = 1.468187e-08
	[STEP 422] residual = 1.298033e-08
	[STEP 423] residual = 1.190316e-08
	[STEP 424] residual = 1.030072e-08
	[STEP 425] residual = 8.773658e-09
	[STEP 426] residual = 7.136499e-09
	[STEP 427] residual = 5.530149e-09
	[STEP 428] residual = 4.522362e-09
	[STEP 429] residual = 4.042270e-09
	[STEP 430] residual = 3.629937e-09
	[STEP 431] residual = 3.272185e-09
	[STEP 432] residual = 3.008516e-09
	[STEP 433] residual = 2.639221e-09
	[STEP 434] residual = 2.316575e-09
	[STEP 435] residual = 2.302382e-09
	[STEP 436] residual = 2.197201e-09
	[STEP 437] residual = 1.977011e-09
	[STEP 438] residual = 1.821641e-09
	[STEP 439] residual = 1.642971e-09
	[STEP 440] residual = 1.407361e-09
	[STEP 441] residual = 1.256848e-09
	[STEP 442] residual = 1.159925e-09
	[STEP 443] residual = 1.012514e-09
	[STEP 444] residual = 9.220423e-10
	[STEP 445] residual = 7.988873e-10
	[STEP 446] residual = 6.880914e-10
	[STEP 447] residual = 6.250188e-10
	[STEP 448] residual = 5.747118e-10
	[STEP 449] residual = 5.796165e-10
	[STEP 450] residual = 6.134644e-10
	[STEP 451] residual = 6.514549e-10
	[STEP 452] residual = 6.745011e-10
	[STEP 453] residual = 7.630524e-10
	[STEP 454] residual = 8.339746e-10
	[STEP 455] residual = 9.518096e-10
	[STEP 456] residual = 1.069994e-09
	[STEP 457] residual = 1.149587e-09
	[STEP 458] residual = 1.240274e-09
	[STEP 459] residual = 1.238552e-09
	[STEP 460] residual = 1.213233e-09
	[STEP 461] residual = 1.249277e-09
	[STEP 462] residual = 1.269428e-09
	[STEP 463] residual = 1.304428e-09
	[STEP 464] residual = 1.311178e-09
	[STEP 465] residual = 1.259891e-09
	[STEP 466] residual = 1.242205e-09
	[STEP 467] residual = 1.211168e-09
	[STEP 468] residual = 1.174870e-09
	[STEP 469] residual = 1.144454e-09
	[STEP 470] residual = 1.097212e-09
	[STEP 471] residual = 1.027883e-09
	[STEP 472] residual = 9.550625e-10
	[STEP 473] residual = 8.249028e-10
	[STEP 474] residual = 7.925482e-10
	[STEP 475] residual = 7.177690e-10
	[STEP 476] residual = 6.459044e-10
	[STEP 477] residual = 5.513558e-10
	[STEP 478] residual = 4.708354e-10
	[STEP 479] residual = 4.134036e-10
	[STEP 480] residual = 3.484799e-10
	[STEP 481] residual = 2.863512e-10
	[STEP 482] residual = 2.458938e-10
	[STEP 483] residual = 2.060052e-10
	[STEP 484] residual = 1.751871e-10
	[STEP 485] residual = 1.496717e-10
	[STEP 486] residual = 1.278026e-10
	[STEP 487] residual = 1.106914e-10
	[STEP 488] residual = 1.106914e-10, ||x|| = 2.147364e+09, ||Ax - b||/||b|| = 1.305174e-12
Time for CG (dense solver)  = 1.908205e+01 [s]
Call CG dense on matrix size (10000 x 10000)
	[STEP 0] residual = 1.070633e+07
	[STEP 1] residual = 1.753495e+07
	[STEP 2] residual = 2.746511e+07
	[STEP 3] residual = 2.776614e+07
	[STEP 4] residual = 2.656662e+07
	[STEP 5] residual = 2.764683e+07
	[STEP 6] residual = 2.490272e+07
	[STEP 7] residual = 2.660065e+07
	[STEP 8] residual = 2.528240e+07
	[STEP 9] residual = 2.454865e+07
	[STEP 10] residual = 2.415768e+07
	[STEP 11] residual = 2.312241e+07
	[STEP 12] residual = 2.379664e+07
	[STEP 13] residual = 2.287525e+07
	[STEP 14] residual = 2.308773e+07
	[STEP 15] residual = 2.160961e+07
	[STEP 16] residual = 2.111589e+07
	[STEP 17] residual = 2.010329e+07
	[STEP 18] residual = 2.003624e+07
	[STEP 19] residual = 1.990556e+07
	[STEP 20] residual = 1.984895e+07
	[STEP 21] residual = 1.945824e+07
	[STEP 22] residual = 1.856833e+07
	[STEP 23] residual = 1.780442e+07
	[STEP 24] residual = 1.700165e+07
	[STEP 25] residual = 1.684243e+07
	[STEP 26] residual = 1.667779e+07
	[STEP 27] residual = 1.675390e+07
	[STEP 28] residual = 1.631380e+07
	[STEP 29] residual = 1.572112e+07
	[STEP 30] residual = 1.486453e+07
	[STEP 31] residual = 1.425235e+07
	[STEP 32] residual = 1.391598e+07
	[STEP 33] residual = 1.384372e+07
	[STEP 34] residual = 1.383957e+07
	[STEP 35] residual = 1.355196e+07
	[STEP 36] residual = 1.305091e+07
	[STEP 37] residual = 1.229108e+07
	[STEP 38] residual = 1.173887e+07
	[STEP 39] residual = 1.133335e+07
	[STEP 40] residual = 1.128380e+07
	[STEP 41] residual = 1.120315e+07
	[STEP 42] residual = 1.106998e+07
	[STEP 43] residual = 1.059436e+07
	[STEP 44] residual = 1.002108e+07
	[STEP 45] residual = 9.435915e+06
	[STEP 46] residual = 9.086255e+06
	[STEP 47] residual = 8.933500e+06
	[STEP 48] residual = 8.891657e+06
	[STEP 49] residual = 8.764218e+06
	[STEP 50] residual = 8.420776e+06
	[STEP 51] residual = 7.929571e+06
	[STEP 52] residual = 7.409693e+06
	[STEP 53] residual = 7.054586e+06
	[STEP 54] residual = 6.859573e+06
	[STEP 55] residual = 6.800687e+06
	[STEP 56] residual = 6.687609e+06
	[STEP 57] residual = 6.444202e+06
	[STEP 58] residual = 6.033864e+06
	[STEP 59] residual = 5.594313e+06
	[STEP 60] residual = 5.234098e+06
	[STEP 61] residual = 5.019505e+06
	[STEP 62] residual = 4.916344e+06
	[STEP 63] residual = 4.817306e+06
	[STEP 64] residual = 4.632895e+06
	[STEP 65] residual = 4.316949e+06
	[STEP 66] residual = 3.965512e+06
	[STEP 67] residual = 3.669310e+06
	[STEP 68] residual = 3.545392e+06
	[STEP 69] residual = 3.593569e+06
	[STEP 70] residual = 3.763813e+06
	[STEP 71] residual = 3.838927e+06
	[STEP 72] residual = 3.710182e+06
	[STEP 73] residual = 3.508056e+06
	[STEP 74] residual = 3.476201e+06
	[STEP 75] residual = 3.493253e+06
	[STEP 76] residual = 3.294189e+06
	[STEP 77] residual = 3.084710e+06
	[STEP 78] residual = 3.191002e+06
	[STEP 79] residual = 3.224787e+06
	[STEP 80] residual = 2.788224e+06
	[STEP 81] residual = 2.508769e+06
	[STEP 82] residual = 2.581989e+06
	[STEP 83] residual = 2.521507e+06
	[STEP 84] residual = 2.380568e+06
	[STEP 85] residual = 2.422007e+06
	[STEP 86] residual = 2.326502e+06
	[STEP 87] residual = 2.139716e+06
	[STEP 88] residual = 2.001114e+06
	[STEP 89] residual = 1.847922e+06
	[STEP 90] residual = 1.855480e+06
	[STEP 91] residual = 1.884604e+06
	[STEP 92] residual = 1.732907e+06
	[STEP 93] residual = 1.665308e+06
	[STEP 94] residual = 1.605255e+06
	[STEP 95] residual = 1.477139e+06
	[STEP 96] residual = 1.413414e+06
	[STEP 97] residual = 1.311697e+06
	[STEP 98] residual = 1.280585e+06
	[STEP 99] residual = 1.294002e+06
	[STEP 100] residual = 1.203653e+06
	[STEP 101] residual = 1.141114e+06
	[STEP 102] residual = 1.032706e+06
	[STEP 103] residual = 9.656071e+05
	[STEP 104] residual = 9.524809e+05
	[STEP 105] residual = 8.917287e+05
	[STEP 106] residual = 8.786312e+05
	[STEP 107] residual = 7.969236e+05
	[STEP 108] residual = 7.543485e+05
	[STEP 109] residual = 7.079785e+05
	[STEP 110] residual = 6.588106e+05
	[STEP 111] residual = 6.358722e+05
	[STEP 112] residual = 5.720630e+05
	[STEP 113] residual = 5.495054e+05
	[STEP 114] residual = 4.980665e+05
	[STEP 115] residual = 4.772412e+05
	[STEP 116] residual = 4.431175e+05
	[STEP 117] residual = 4.108182e+05
	[STEP 118] residual = 3.825640e+05
	[STEP 119] residual = 3.425960e+05
	[STEP 120] residual = 3.180917e+05
	[STEP 121] residual = 2.823158e+05
	[STEP 122] residual = 2.630753e+05
	[STEP 123] residual = 2.405104e+05
	[STEP 124] residual = 2.254130e+05
	[STEP 125] residual = 2.073502e+05
	[STEP 126] residual = 1.831946e+05
	[STEP 127] residual = 1.593948e+05
	[STEP 128] residual = 1.341734e+05
	[STEP 129] residual = 1.189935e+05
	[STEP 130] residual = 1.080301e+05
	[STEP 131] residual = 1.026306e+05
	[STEP 132] residual = 9.541862e+04
	[STEP 133] residual = 8.316913e+04
	[STEP 134] residual = 6.944072e+04
	[STEP 135] residual = 5.577849e+04
	[STEP 136] residual = 4.963394e+04
	[STEP 137] residual = 4.790560e+04
	[STEP 138] residual = 5.476960e+04
	[STEP 139] residual = 6.319733e+04
	[STEP 140] residual = 7.225984e+04
	[STEP 141] residual = 7.076563e+04
	[STEP 142] residual = 6.367690e+04
	[STEP 143] residual = 5.405061e+04
	[STEP 144] residual = 4.776817e+04
	[STEP 145] residual = 4.363971e+04
	[STEP 146] residual = 3.921326e+04
	[STEP 147] residual = 3.451248e+04
	[STEP 148] residual = 3.057519e+04
	[STEP 149] residual = 3.053314e+04
	[STEP 150] residual = 3.207821e+04
	[STEP 151] residual = 3.236456e+04
	[STEP 152] residual = 2.763122e+04
	[STEP 153] residual = 2.303993e+04
	[STEP 154] residual = 2.063882e+04
	[STEP 155] residual = 1.983302e+04
	[STEP 156] residual = 1.790745e+04
	[STEP 157] residual = 1.582047e+04
	[STEP 158] residual = 1.484898e+04
	[STEP 159] residual = 1.395988e+04
	[STEP 160] residual = 1.237605e+04
	[STEP 161] residual = 1.109382e+04
	[STEP 162] residual = 1.068485e+04
	[STEP 163] residual = 9.654263e+03
	[STEP 164] residual = 8.580827e+03
	[STEP 165] residual = 7.862174e+03
	[STEP 166] residual = 7.196619e+03
	[STEP 167] residual = 6.199871e+03
	[STEP 168] residual = 5.914984e+03
	[STEP 169] residual = 5.585625e+03
	[STEP 170] residual = 4.798864e+03
	[STEP 171] residual = 4.153854e+03
	[STEP 172] residual = 3.953546e+03
	[STEP 173] residual = 3.543890e+03
	[STEP 174] residual = 3.162179e+03
	[STEP 175] residual = 2.939750e+03
	[STEP 176] residual = 2.680770e+03
	[STEP 177] residual = 2.378432e+03
	[STEP 178] residual = 2.121616e+03
	[STEP 179] residual = 1.892126e+03
	[STEP 180] residual = 1.727504e+03
	[STEP 181] residual = 1.585920e+03
	[STEP 182] residual = 1.427769e+03
	[STEP 183] residual = 1.349414e+03
	[STEP 184] residual = 1.223156e+03
	[STEP 185] residual = 1.068391e+03
	[STEP 186] residual = 9.691202e+02
	[STEP 187] residual = 8.912449e+02
	[STEP 188] residual = 8.293062e+02
	[STEP 189] residual = 7.802481e+02
	[STEP 190] residual = 7.000686e+02
	[STEP 191] residual = 6.564960e+02
	[STEP 192] residual = 6.054656e+02
	[STEP 193] residual = 5.361250e+02
	[STEP 194] residual = 4.970923e+02
	[STEP 195] residual = 4.501386e+02
	[STEP 196] residual = 4.450575e+02
	[STEP 197] residual = 4.264395e+02
	[STEP 198] residual = 3.883295e+02
	[STEP 199] residual = 3.545984e+02
	[STEP 200] residual = 3.217256e+02
	[STEP 201] residual = 3.084619e+02
	[STEP 202] residual = 2.993631e+02
	[STEP 203] residual = 2.670353e+02
	[STEP 204] residual = 2.487961e+02
	[STEP 205] residual = 2.199325e+02
	[STEP 206] residual = 2.095681e+02
	[STEP 207] residual = 1.836436e+02
	[STEP 208] residual = 1.681895e+02
	[STEP 209] residual = 1.530843e+02
	[STEP 210] residual = 1.421721e+02
	[STEP 211] residual = 1.367406e+02
	[STEP 212] residual = 1.266157e+02
	[STEP 213] residual = 1.163214e+02
	[STEP 214] residual = 1.049985e+02
	[STEP 215] residual = 9.235946e+01
	[STEP 216] residual = 8.548896e+01
	[STEP 217] residual = 7.608303e+01
	[STEP 218] residual = 7.133043e+01
	[STEP 219] residual = 6.293159e+01
	[STEP 220] residual = 5.680943e+01
	[STEP 221] residual = 5.088115e+01
	[STEP 222] residual = 4.607742e+01
	[STEP 223] residual = 4.208358e+01
	[STEP 224] residual = 3.729845e+01
	[STEP 225] residual = 3.400789e+01
	[STEP 226] residual = 3.078317e+01
	[STEP 227] residual = 2.799925e+01
	[STEP 228] residual = 2.448194e+01
	[STEP 229] residual = 2.141432e+01
	[STEP 230] residual = 1.916390e+01
	[STEP 231] residual = 1.766173e+01
	[STEP 232] residual = 1.601230e+01
	[STEP 233] residual = 1.456307e+01
	[STEP 234] residual = 1.311018e+01
	[STEP 235] residual = 1.208735e+01
	[STEP 236] residual = 1.078254e+01
	[STEP 237] residual = 9.883280e+00
	[STEP 238] residual = 9.170996e+00
	[STEP 239] residual = 8.752086e+00
	[STEP 240] residual = 8.148028e+00
	[STEP 241] residual = 7.534065e+00
	[STEP 242] residual = 6.928115e+00
	[STEP 243] residual = 6.473612e+00
	[STEP 244] residual = 6.223927e+00
	[STEP 245] residual = 6.030780e+00
	[STEP 246] residual = 5.519875e+00
	[STEP 247] residual = 5.062223e+00
	[STEP 248] residual = 4.929263e+00
	[STEP 249] residual = 4.890055e+00
	[STEP 250] residual = 4.556526e+00
	[STEP 251] residual = 4.300162e+00
	[STEP 252] residual = 4.215197e+00
	[STEP 253] residual = 4.101270e+00
	[STEP 254] residual = 4.082710e+00
	[STEP 255] residual = 4.030423e+00
	[STEP 256] residual = 3.897493e+00
	[STEP 257] residual = 3.811808e+00
	[STEP 258] residual = 3.847435e+00
	[STEP 259] residual = 3.683226e+00
	[STEP 260] residual = 3.778403e+00
	[STEP 261] residual = 3.939544e+00
	[STEP 262] residual = 3.579074e+00
	[STEP 263] residual = 3.350826e+00
	[STEP 264] residual = 3.455388e+00
	[STEP 265] residual = 3.286434e+00
	[STEP 266] residual = 2.951313e+00
	[STEP 267] residual = 2.830967e+00
	[STEP 268] residual = 2.441256e+00
	[STEP 269] residual = 2.171029e+00
	[STEP 270] residual = 1.970230e+00
	[STEP 271] residual = 1.724401e+00
	[STEP 272] residual = 1.549212e+00
	[STEP 273] residual = 1.411727e+00
	[STEP 274] residual = 1.239230e+00
	[STEP 275] residual = 1.168653e+00
	[STEP 276] residual = 1.077585e+00
	[STEP 277] residual = 1.006127e+00
	[STEP 278] residual = 1.039068e+00
	[STEP 279] residual = 1.023067e+00
	[STEP 280] residual = 1.013913e+00
	[STEP 281] residual = 9.646014e-01
	[STEP 282] residual = 8.415015e-01
	[STEP 283] residual = 7.424699e-01
	[STEP 284] residual = 6.166510e-01
	[STEP 285] residual = 5.098539e-01
	[STEP 286] residual = 4.396434e-01
	[STEP 287] residual = 3.707067e-01
	[STEP 288] residual = 3.328596e-01
	[STEP 289] residual = 3.079466e-01
	[STEP 290] residual = 2.868589e-01
	[STEP 291] residual = 2.771708e-01
	[STEP 292] residual = 2.529089e-01
	[STEP 293] residual = 2.288405e-01
	[STEP 294] residual = 2.027195e-01
	[STEP 295] residual = 1.763183e-01
	[STEP 296] residual = 1.618485e-01
	[STEP 297] residual = 1.453134e-01
	[STEP 298] residual = 1.317097e-01
	[STEP 299] residual = 1.138275e-01
	[STEP 300] residual = 9.850375e-02
	[STEP 301] residual = 8.881881e-02
	[STEP 302] residual = 8.147176e-02
	[STEP 303] residual = 7.313264e-02
	[STEP 304] residual = 6.220514e-02
	[STEP 305] residual = 5.296287e-02
	[STEP 306] residual = 4.633881e-02
	[STEP 307] residual = 4.055712e-02
	[STEP 308] residual = 3.390794e-02
	[STEP 309] residual = 2.813763e-02
	[STEP 310] residual = 2.433055e-02
	[STEP 311] residual = 2.161495e-02
	[STEP 312] residual = 1.887308e-02
	[STEP 313] residual = 1.630424e-02
	[STEP 314] residual = 1.447440e-02
	[STEP 315] residual = 1.315954e-02
	[STEP 316] residual = 1.153932e-02
	[STEP 317] residual = 1.033735e-02
	[STEP 318] residual = 9.132520e-03
	[STEP 319] residual = 8.172084e-03
	[STEP 320] residual = 6.972500e-03
	[STEP 321] residual = 6.223424e-03
	[STEP 322] residual = 5.723412e-03
	[STEP 323] residual = 5.160962e-03
	[STEP 324] residual = 4.613435e-03
	[STEP 325] residual = 4.060232e-03
	[STEP 326] residual = 3.588563e-03
	[STEP 327] residual = 3.039281e-03
	[STEP 328] residual = 2.637397e-03
	[STEP 329] residual = 2.331658e-03
	[STEP 330] residual = 2.058808e-03
	[STEP 331] residual = 1.842784e-03
	[STEP 332] residual = 1.615512e-03
	[STEP 333] residual = 1.378516e-03
	[STEP 334] residual = 1.185393e-03
	[STEP 335] residual = 1.075979e-03
	[STEP 336] residual = 9.631510e-04
	[STEP 337] residual = 8.654020e-04
	[STEP 338] residual = 8.201262e-04
	[STEP 339] residual = 7.737080e-04
	[STEP 340] residual = 6.924576e-04
	[STEP 341] residual = 6.711400e-04
	[STEP 342] residual = 6.623406e-04
	[STEP 343] residual = 6.298877e-04
	[STEP 344] residual = 6.099437e-04
	[STEP 345] residual = 6.380972e-04
	[STEP 346] residual = 6.279800e-04
	[STEP 347] residual = 5.787382e-04
	[STEP 348] residual = 5.090023e-04
	[STEP 349] residual = 4.396299e-04
	[STEP 350] residual = 4.041382e-04
	[STEP 351] residual = 3.838096e-04
	[STEP 352] residual = 3.471003e-04
	[STEP 353] residual = 3.123343e-04
	[STEP 354] residual = 2.623452e-04
	[STEP 355] residual = 2.250823e-04
	[STEP 356] residual = 1.992509e-04
	[STEP 357] residual = 1.792955e-04
	[STEP 358] residual = 1.464067e-04
	[STEP 359] residual = 1.314099e-04
	[STEP 360] residual = 1.143475e-04
	[STEP 361] residual = 1.006075e-04
	[STEP 362] residual = 8.546931e-05
	[STEP 363] residual = 6.982636e-05
	[STEP 364] residual = 5.967730e-05
	[STEP 365] residual = 5.458526e-05
	[STEP 366] residual = 4.848427e-05
	[STEP 367] residual = 4.304426e-05
	[STEP 368] residual = 3.815475e-05
	[STEP 369] residual = 3.168111e-05
	[STEP 370] residual = 2.677521e-05
	[STEP 371] residual = 2.153305e-05
	[STEP 372] residual = 1.755707e-05
	[STEP 373] residual = 1.527970e-05
	[STEP 374] residual = 1.328875e-05
	[STEP 375] residual = 1.142119e-05
	[STEP 376] residual = 9.524715e-06
	[STEP 377] residual = 7.624582e-06
	[STEP 378] residual = 6.260290e-06
	[STEP 379] residual = 5.247505e-06
	[STEP 380] residual = 4.357052e-06
	[STEP 381] residual = 3.815198e-06
	[STEP 382] residual = 3.221293e-06
	[STEP 383] residual = 2.793075e-06
	[STEP 384] residual = 2.248865e-06
	[STEP 385] residual = 1.797992e-06
	[STEP 386] residual = 1.420287e-06
	[STEP 387] residual = 1.220597e-06
	[STEP 388] residual = 1.050541e-06
	[STEP 389] residual = 9.401405e-07
	[STEP 390] residual = 7.931513e-07
	[STEP 391] residual = 6.846034e-07
	[STEP 392] residual = 5.762350e-07
	[STEP 393] residual = 4.826347e-07
	[STEP 394] residual = 4.017774e-07
	[STEP 395] residual = 3.435006e-07
	[STEP 396] residual = 3.092953e-07
	[STEP 397] residual = 2.848716e-07
	[STEP 398] residual = 2.546959e-07
	[STEP 399] residual = 2.190033e-07
	[STEP 400] residual = 1.890258e-07
	[STEP 401] residual = 1.729126e-07
	[STEP 402] residual = 1.665042e-07
	[STEP 403] residual = 1.558083e-07
	[STEP 404] residual = 1.402855e-07
	[STEP 405] residual = 1.290254e-07
	[STEP 406] residual = 1.168840e-07
	[STEP 407] residual = 1.071759e-07
	[STEP 408] residual = 9.441345e-08
	[STEP 409] residual = 8.554440e-08
	[STEP 410] residual = 7.807618e-08
	[STEP 411] residual = 7.151278e-08
	[STEP 412] residual = 6.676911e-08
	[STEP 413] residual = 6.160822e-08
	[STEP 414] residual = 5.728707e-08
	[STEP 415] residual = 5.118588e-08
	[STEP 416] residual = 4.433264e-08
	[STEP 417] residual = 3.539720e-08
	[STEP 418] residual = 2.748776e-08
	[STEP 419] residual = 2.198998e-08
	[STEP 420] residual = 1.752756e-08
	[STEP 421] residual = 1.467856e-08
	[STEP 422] residual = 1.297620e-08
	[STEP 423] residual = 1.189802e-08
	[STEP 424] residual = 1.029480e-08
	[STEP 425] residual = 8.766931e-09
	[STEP 426] residual = 7.129038e-09
	[STEP 427] residual = 5.521904e-09
	[STEP 428] residual = 4.512491e-09
	[STEP 429] residual = 4.029696e-09
	[STEP 430] residual = 3.614486e-09
	[STEP 431] residual = 3.253665e-09
	[STEP 432] residual = 2.986452e-09
	[STEP 433] residual = 2.614409e-09
	[STEP 434] residual = 2.288621e-09
	[STEP 435] residual = 2.267704e-09
	[STEP 436] residual = 2.157286e-09
	[STEP 437] residual = 1.933996e-09
	[STEP 438] residual = 1.774216e-09
	[STEP 439] residual = 1.591818e-09
	[STEP 440] residual = 1.354248e-09
	[STEP 441] residual = 1.198685e-09
	[STEP 442] residual = 1.094400e-09
	[STEP 443] residual = 9.425036e-10
	[STEP 444] residual = 8.437989e-10
	[STEP 445] residual = 7.152095e-10
	[STEP 446] residual = 5.977440e-10
	[STEP 447] residual = 5.220267e-10
	[STEP 448] residual = 4.571869e-10
	[STEP 449] residual = 4.367037e-10
	[STEP 450] residual = 4.385382e-10
	[STEP 451] residual = 4.440735e-10
	[STEP 452] residual = 4.402159e-10
	[STEP 453] residual = 4.802523e-10
	[STEP 454] residual = 5.111326e-10
	[STEP 455] residual = 5.732000e-10
	[STEP 456] residual = 6.400131e-10
	[STEP 457] residual = 6.885742e-10
	[STEP 458] residual = 7.492346e-10
	[STEP 459] residual = 7.583045e-10
	[STEP 460] residual = 7.536577e-10
	[STEP 461] residual = 7.901651e-10
	[STEP 462] residual = 8.205995e-10
	[STEP 463] residual = 8.653644e-10
	[STEP 464] residual = 8.971861e-10
	[STEP 465] residual = 8.904620e-10
	[STEP 466] residual = 9.059784e-10
	[STEP 467] residual = 9.137066e-10
	[STEP 468] residual = 9.159929e-10
	[STEP 469] residual = 9.229801e-10
	[STEP 470] residual = 9.153716e-10
	[STEP 471] residual = 8.845823e-10
	[STEP 472] residual = 8.467720e-10
	[STEP 473] residual = 7.488488e-10
	[STEP 474] residual = 7.335623e-10
	[STEP 475] residual = 6.772104e-10
	[STEP 476] residual = 6.184490e-10
	[STEP 477] residual = 5.345992e-10
	[STEP 478] residual = 4.605707e-10
	[STEP 479] residual = 4.069806e-10
	[STEP 480] residual = 3.450825e-10
	[STEP 481] residual = 2.843701e-10
	[STEP 482] residual = 2.447082e-10
	[STEP 483] residual = 2.055595e-10
	[STEP 484] residual = 1.747588e-10
	[STEP 485] residual = 1.494014e-10
	[STEP 486] residual = 1.275129e-10
	[STEP 487] residual = 1.103966e-10
	[STEP 488] residual = 1.103966e-10, ||x|| = 2.147364e+09, ||Ax - b||/||b|| = 1.302541e-12
Time for CG (dense solver)  = 1.055784e+01 [s]
Call CG dense on matrix size (10000 x 10000)
	[STEP 0] residual = 1.070633e+07
	[STEP 1] residual = 1.753495e+07
	[STEP 2] residual = 2.746511e+07
	[STEP 3] residual = 2.776614e+07
	[STEP 4] residual = 2.656662e+07
	[STEP 5] residual = 2.764683e+07
	[STEP 6] residual = 2.490272e+07
	[STEP 7] residual = 2.660065e+07
	[STEP 8] residual = 2.528240e+07
	[STEP 9] residual = 2.454865e+07
	[STEP 10] residual = 2.415768e+07
	[STEP 11] residual = 2.312241e+07
	[STEP 12] residual = 2.379664e+07
	[STEP 13] residual = 2.287525e+07
	[STEP 14] residual = 2.308773e+07
	[STEP 15] residual = 2.160961e+07
	[STEP 16] residual = 2.111589e+07
	[STEP 17] residual = 2.010329e+07
	[STEP 18] residual = 2.003624e+07
	[STEP 19] residual = 1.990556e+07
	[STEP 20] residual = 1.984895e+07
	[STEP 21] residual = 1.945824e+07
	[STEP 22] residual = 1.856833e+07
	[STEP 23] residual = 1.780442e+07
	[STEP 24] residual = 1.700165e+07
	[STEP 25] residual = 1.684243e+07
	[STEP 26] residual = 1.667779e+07
	[STEP 27] residual = 1.675390e+07
	[STEP 28] residual = 1.631380e+07
	[STEP 29] residual = 1.572112e+07
	[STEP 30] residual = 1.486453e+07
	[STEP 31] residual = 1.425235e+07
	[STEP 32] residual = 1.391598e+07
	[STEP 33] residual = 1.384372e+07
	[STEP 34] residual = 1.383957e+07
	[STEP 35] residual = 1.355196e+07
	[STEP 36] residual = 1.305091e+07
	[STEP 37] residual = 1.229108e+07
	[STEP 38] residual = 1.173887e+07
	[STEP 39] residual = 1.133335e+07
	[STEP 40] residual = 1.128380e+07
	[STEP 41] residual = 1.120315e+07
	[STEP 42] residual = 1.106998e+07
	[STEP 43] residual = 1.059436e+07
	[STEP 44] residual = 1.002108e+07
	[STEP 45] residual = 9.435915e+06
	[STEP 46] residual = 9.086255e+06
	[STEP 47] residual = 8.933500e+06
	[STEP 48] residual = 8.891657e+06
	[STEP 49] residual = 8.764218e+06
	[STEP 50] residual = 8.420776e+06
	[STEP 51] residual = 7.929571e+06
	[STEP 52] residual = 7.409693e+06
	[STEP 53] residual = 7.054586e+06
	[STEP 54] residual = 6.859573e+06
	[STEP 55] residual = 6.800687e+06
	[STEP 56] residual = 6.687609e+06
	[STEP 57] residual = 6.444202e+06
	[STEP 58] residual = 6.033864e+06
	[STEP 59] residual = 5.594313e+06
	[STEP 60] residual = 5.234098e+06
	[STEP 61] residual = 5.019505e+06
	[STEP 62] residual = 4.916344e+06
	[STEP 63] residual = 4.817306e+06
	[STEP 64] residual = 4.632895e+06
	[STEP 65] residual = 4.316949e+06
	[STEP 66] residual = 3.965512e+06
	[STEP 67] residual = 3.669310e+06
	[STEP 68] residual = 3.545392e+06
	[STEP 69] residual = 3.593569e+06
	[STEP 70] residual = 3.763813e+06
	[STEP 71] residual = 3.838927e+06
	[STEP 72] residual = 3.710182e+06
	[STEP 73] residual = 3.508056e+06
	[STEP 74] residual = 3.476201e+06
	[STEP 75] residual = 3.493253e+06
	[STEP 76] residual = 3.294189e+06
	[STEP 77] residual = 3.084710e+06
	[STEP 78] residual = 3.191002e+06
	[STEP 79] residual = 3.224787e+06
	[STEP 80] residual = 2.788224e+06
	[STEP 81] residual = 2.508769e+06
	[STEP 82] residual = 2.581989e+06
	[STEP 83] residual = 2.521507e+06
	[STEP 84] residual = 2.380568e+06
	[STEP 85] residual = 2.422007e+06
	[STEP 86] residual = 2.326502e+06
	[STEP 87] residual = 2.139716e+06
	[STEP 88] residual = 2.001114e+06
	[STEP 89] residual = 1.847922e+06
	[STEP 90] residual = 1.855480e+06
	[STEP 91] residual = 1.884604e+06
	[STEP 92] residual = 1.732907e+06
	[STEP 93] residual = 1.665308e+06
	[STEP 94] residual = 1.605255e+06
	[STEP 95] residual = 1.477139e+06
	[STEP 96] residual = 1.413414e+06
	[STEP 97] residual = 1.311697e+06
	[STEP 98] residual = 1.280585e+06
	[STEP 99] residual = 1.294002e+06
	[STEP 100] residual = 1.203653e+06
	[STEP 101] residual = 1.141114e+06
	[STEP 102] residual = 1.032706e+06
	[STEP 103] residual = 9.656071e+05
	[STEP 104] residual = 9.524809e+05
	[STEP 105] residual = 8.917287e+05
	[STEP 106] residual = 8.786312e+05
	[STEP 107] residual = 7.969236e+05
	[STEP 108] residual = 7.543485e+05
	[STEP 109] residual = 7.079785e+05
	[STEP 110] residual = 6.588106e+05
	[STEP 111] residual = 6.358722e+05
	[STEP 112] residual = 5.720630e+05
	[STEP 113] residual = 5.495054e+05
	[STEP 114] residual = 4.980665e+05
	[STEP 115] residual = 4.772412e+05
	[STEP 116] residual = 4.431175e+05
	[STEP 117] residual = 4.108182e+05
	[STEP 118] residual = 3.825640e+05
	[STEP 119] residual = 3.425960e+05
	[STEP 120] residual = 3.180917e+05
	[STEP 121] residual = 2.823158e+05
	[STEP 122] residual = 2.630753e+05
	[STEP 123] residual = 2.405104e+05
	[STEP 124] residual = 2.254130e+05
	[STEP 125] residual = 2.073502e+05
	[STEP 126] residual = 1.831946e+05
	[STEP 127] residual = 1.593948e+05
	[STEP 128] residual = 1.341734e+05
	[STEP 129] residual = 1.189935e+05
	[STEP 130] residual = 1.080301e+05
	[STEP 131] residual = 1.026306e+05
	[STEP 132] residual = 9.541862e+04
	[STEP 133] residual = 8.316913e+04
	[STEP 134] residual = 6.944072e+04
	[STEP 135] residual = 5.577849e+04
	[STEP 136] residual = 4.963394e+04
	[STEP 137] residual = 4.790560e+04
	[STEP 138] residual = 5.476960e+04
	[STEP 139] residual = 6.319733e+04
	[STEP 140] residual = 7.225984e+04
	[STEP 141] residual = 7.076563e+04
	[STEP 142] residual = 6.367690e+04
	[STEP 143] residual = 5.405061e+04
	[STEP 144] residual = 4.776817e+04
	[STEP 145] residual = 4.363971e+04
	[STEP 146] residual = 3.921326e+04
	[STEP 147] residual = 3.451248e+04
	[STEP 148] residual = 3.057519e+04
	[STEP 149] residual = 3.053314e+04
	[STEP 150] residual = 3.207821e+04
	[STEP 151] residual = 3.236456e+04
	[STEP 152] residual = 2.763122e+04
	[STEP 153] residual = 2.303993e+04
	[STEP 154] residual = 2.063882e+04
	[STEP 155] residual = 1.983302e+04
	[STEP 156] residual = 1.790745e+04
	[STEP 157] residual = 1.582047e+04
	[STEP 158] residual = 1.484898e+04
	[STEP 159] residual = 1.395988e+04
	[STEP 160] residual = 1.237605e+04
	[STEP 161] residual = 1.109382e+04
	[STEP 162] residual = 1.068485e+04
	[STEP 163] residual = 9.654263e+03
	[STEP 164] residual = 8.580827e+03
	[STEP 165] residual = 7.862174e+03
	[STEP 166] residual = 7.196619e+03
	[STEP 167] residual = 6.199871e+03
	[STEP 168] residual = 5.914984e+03
	[STEP 169] residual = 5.585625e+03
	[STEP 170] residual = 4.798864e+03
	[STEP 171] residual = 4.153854e+03
	[STEP 172] residual = 3.953546e+03
	[STEP 173] residual = 3.543890e+03
	[STEP 174] residual = 3.162179e+03
	[STEP 175] residual = 2.939750e+03
	[STEP 176] residual = 2.680770e+03
	[STEP 177] residual = 2.378432e+03
	[STEP 178] residual = 2.121616e+03
	[STEP 179] residual = 1.892126e+03
	[STEP 180] residual = 1.727504e+03
	[STEP 181] residual = 1.585920e+03
	[STEP 182] residual = 1.427769e+03
	[STEP 183] residual = 1.349414e+03
	[STEP 184] residual = 1.223156e+03
	[STEP 185] residual = 1.068391e+03
	[STEP 186] residual = 9.691202e+02
	[STEP 187] residual = 8.912449e+02
	[STEP 188] residual = 8.293062e+02
	[STEP 189] residual = 7.802481e+02
	[STEP 190] residual = 7.000686e+02
	[STEP 191] residual = 6.564960e+02
	[STEP 192] residual = 6.054656e+02
	[STEP 193] residual = 5.361250e+02
	[STEP 194] residual = 4.970923e+02
	[STEP 195] residual = 4.501386e+02
	[STEP 196] residual = 4.450575e+02
	[STEP 197] residual = 4.264395e+02
	[STEP 198] residual = 3.883295e+02
	[STEP 199] residual = 3.545984e+02
	[STEP 200] residual = 3.217256e+02
	[STEP 201] residual = 3.084619e+02
	[STEP 202] residual = 2.993631e+02
	[STEP 203] residual = 2.670353e+02
	[STEP 204] residual = 2.487961e+02
	[STEP 205] residual = 2.199325e+02
	[STEP 206] residual = 2.095681e+02
	[STEP 207] residual = 1.836436e+02
	[STEP 208] residual = 1.681895e+02
	[STEP 209] residual = 1.530843e+02
	[STEP 210] residual = 1.421721e+02
	[STEP 211] residual = 1.367406e+02
	[STEP 212] residual = 1.266157e+02
	[STEP 213] residual = 1.163214e+02
	[STEP 214] residual = 1.049985e+02
	[STEP 215] residual = 9.235946e+01
	[STEP 216] residual = 8.548896e+01
	[STEP 217] residual = 7.608303e+01
	[STEP 218] residual = 7.133043e+01
	[STEP 219] residual = 6.293159e+01
	[STEP 220] residual = 5.680943e+01
	[STEP 221] residual = 5.088115e+01
	[STEP 222] residual = 4.607742e+01
	[STEP 223] residual = 4.208358e+01
	[STEP 224] residual = 3.729845e+01
	[STEP 225] residual = 3.400789e+01
	[STEP 226] residual = 3.078317e+01
	[STEP 227] residual = 2.799925e+01
	[STEP 228] residual = 2.448194e+01
	[STEP 229] residual = 2.141432e+01
	[STEP 230] residual = 1.916390e+01
	[STEP 231] residual = 1.766173e+01
	[STEP 232] residual = 1.601230e+01
	[STEP 233] residual = 1.456307e+01
	[STEP 234] residual = 1.311018e+01
	[STEP 235] residual = 1.208735e+01
	[STEP 236] residual = 1.078254e+01
	[STEP 237] residual = 9.883280e+00
	[STEP 238] residual = 9.170996e+00
	[STEP 239] residual = 8.752086e+00
	[STEP 240] residual = 8.148028e+00
	[STEP 241] residual = 7.534065e+00
	[STEP 242] residual = 6.928115e+00
	[STEP 243] residual = 6.473612e+00
	[STEP 244] residual = 6.223927e+00
	[STEP 245] residual = 6.030780e+00
	[STEP 246] residual = 5.519875e+00
	[STEP 247] residual = 5.062223e+00
	[STEP 248] residual = 4.929263e+00
	[STEP 249] residual = 4.890055e+00
	[STEP 250] residual = 4.556526e+00
	[STEP 251] residual = 4.300162e+00
	[STEP 252] residual = 4.215197e+00
	[STEP 253] residual = 4.101270e+00
	[STEP 254] residual = 4.082710e+00
	[STEP 255] residual = 4.030423e+00
	[STEP 256] residual = 3.897493e+00
	[STEP 257] residual = 3.811808e+00
	[STEP 258] residual = 3.847435e+00
	[STEP 259] residual = 3.683226e+00
	[STEP 260] residual = 3.778403e+00
	[STEP 261] residual = 3.939544e+00
	[STEP 262] residual = 3.579074e+00
	[STEP 263] residual = 3.350826e+00
	[STEP 264] residual = 3.455388e+00
	[STEP 265] residual = 3.286434e+00
	[STEP 266] residual = 2.951313e+00
	[STEP 267] residual = 2.830967e+00
	[STEP 268] residual = 2.441256e+00
	[STEP 269] residual = 2.171029e+00
	[STEP 270] residual = 1.970230e+00
	[STEP 271] residual = 1.724401e+00
	[STEP 272] residual = 1.549212e+00
	[STEP 273] residual = 1.411727e+00
	[STEP 274] residual = 1.239230e+00
	[STEP 275] residual = 1.168653e+00
	[STEP 276] residual = 1.077585e+00
	[STEP 277] residual = 1.006127e+00
	[STEP 278] residual = 1.039068e+00
	[STEP 279] residual = 1.023067e+00
	[STEP 280] residual = 1.013913e+00
	[STEP 281] residual = 9.646014e-01
	[STEP 282] residual = 8.415015e-01
	[STEP 283] residual = 7.424699e-01
	[STEP 284] residual = 6.166510e-01
	[STEP 285] residual = 5.098539e-01
	[STEP 286] residual = 4.396434e-01
	[STEP 287] residual = 3.707067e-01
	[STEP 288] residual = 3.328596e-01
	[STEP 289] residual = 3.079466e-01
	[STEP 290] residual = 2.868589e-01
	[STEP 291] residual = 2.771708e-01
	[STEP 292] residual = 2.529089e-01
	[STEP 293] residual = 2.288405e-01
	[STEP 294] residual = 2.027195e-01
	[STEP 295] residual = 1.763183e-01
	[STEP 296] residual = 1.618485e-01
	[STEP 297] residual = 1.453134e-01
	[STEP 298] residual = 1.317097e-01
	[STEP 299] residual = 1.138275e-01
	[STEP 300] residual = 9.850375e-02
	[STEP 301] residual = 8.881881e-02
	[STEP 302] residual = 8.147176e-02
	[STEP 303] residual = 7.313264e-02
	[STEP 304] residual = 6.220514e-02
	[STEP 305] residual = 5.296287e-02
	[STEP 306] residual = 4.633881e-02
	[STEP 307] residual = 4.055712e-02
	[STEP 308] residual = 3.390794e-02
	[STEP 309] residual = 2.813763e-02
	[STEP 310] residual = 2.433055e-02
	[STEP 311] residual = 2.161495e-02
	[STEP 312] residual = 1.887308e-02
	[STEP 313] residual = 1.630424e-02
	[STEP 314] residual = 1.447440e-02
	[STEP 315] residual = 1.315954e-02
	[STEP 316] residual = 1.153932e-02
	[STEP 317] residual = 1.033735e-02
	[STEP 318] residual = 9.132520e-03
	[STEP 319] residual = 8.172084e-03
	[STEP 320] residual = 6.972500e-03
	[STEP 321] residual = 6.223424e-03
	[STEP 322] residual = 5.723412e-03
	[STEP 323] residual = 5.160962e-03
	[STEP 324] residual = 4.613435e-03
	[STEP 325] residual = 4.060232e-03
	[STEP 326] residual = 3.588563e-03
	[STEP 327] residual = 3.039281e-03
	[STEP 328] residual = 2.637397e-03
	[STEP 329] residual = 2.331658e-03
	[STEP 330] residual = 2.058808e-03
	[STEP 331] residual = 1.842784e-03
	[STEP 332] residual = 1.615512e-03
	[STEP 333] residual = 1.378516e-03
	[STEP 334] residual = 1.185393e-03
	[STEP 335] residual = 1.075979e-03
	[STEP 336] residual = 9.631510e-04
	[STEP 337] residual = 8.654020e-04
	[STEP 338] residual = 8.201262e-04
	[STEP 339] residual = 7.737080e-04
	[STEP 340] residual = 6.924576e-04
	[STEP 341] residual = 6.711400e-04
	[STEP 342] residual = 6.623406e-04
	[STEP 343] residual = 6.298877e-04
	[STEP 344] residual = 6.099437e-04
	[STEP 345] residual = 6.380972e-04
	[STEP 346] residual = 6.279800e-04
	[STEP 347] residual = 5.787382e-04
	[STEP 348] residual = 5.090023e-04
	[STEP 349] residual = 4.396299e-04
	[STEP 350] residual = 4.041382e-04
	[STEP 351] residual = 3.838096e-04
	[STEP 352] residual = 3.471003e-04
	[STEP 353] residual = 3.123343e-04
	[STEP 354] residual = 2.623452e-04
	[STEP 355] residual = 2.250823e-04
	[STEP 356] residual = 1.992509e-04
	[STEP 357] residual = 1.792955e-04
	[STEP 358] residual = 1.464067e-04
	[STEP 359] residual = 1.314099e-04
	[STEP 360] residual = 1.143475e-04
	[STEP 361] residual = 1.006075e-04
	[STEP 362] residual = 8.546931e-05
	[STEP 363] residual = 6.982636e-05
	[STEP 364] residual = 5.967730e-05
	[STEP 365] residual = 5.458526e-05
	[STEP 366] residual = 4.848427e-05
	[STEP 367] residual = 4.304426e-05
	[STEP 368] residual = 3.815475e-05
	[STEP 369] residual = 3.168111e-05
	[STEP 370] residual = 2.677521e-05
	[STEP 371] residual = 2.153305e-05
	[STEP 372] residual = 1.755707e-05
	[STEP 373] residual = 1.527970e-05
	[STEP 374] residual = 1.328875e-05
	[STEP 375] residual = 1.142119e-05
	[STEP 376] residual = 9.524715e-06
	[STEP 377] residual = 7.624582e-06
	[STEP 378] residual = 6.260290e-06
	[STEP 379] residual = 5.247505e-06
	[STEP 380] residual = 4.357052e-06
	[STEP 381] residual = 3.815198e-06
	[STEP 382] residual = 3.221293e-06
	[STEP 383] residual = 2.793075e-06
	[STEP 384] residual = 2.248865e-06
	[STEP 385] residual = 1.797992e-06
	[STEP 386] residual = 1.420287e-06
	[STEP 387] residual = 1.220597e-06
	[STEP 388] residual = 1.050541e-06
	[STEP 389] residual = 9.401404e-07
	[STEP 390] residual = 7.931512e-07
	[STEP 391] residual = 6.846033e-07
	[STEP 392] residual = 5.762349e-07
	[STEP 393] residual = 4.826346e-07
	[STEP 394] residual = 4.017772e-07
	[STEP 395] residual = 3.435004e-07
	[STEP 396] residual = 3.092951e-07
	[STEP 397] residual = 2.848713e-07
	[STEP 398] residual = 2.546956e-07
	[STEP 399] residual = 2.190029e-07
	[STEP 400] residual = 1.890253e-07
	[STEP 401] residual = 1.729121e-07
	[STEP 402] residual = 1.665036e-07
	[STEP 403] residual = 1.558076e-07
	[STEP 404] residual = 1.402847e-07
	[STEP 405] residual = 1.290245e-07
	[STEP 406] residual = 1.168831e-07
	[STEP 407] residual = 1.071749e-07
	[STEP 408] residual = 9.441234e-08
	[STEP 409] residual = 8.554318e-08
	[STEP 410] residual = 7.807484e-08
	[STEP 411] residual = 7.151131e-08
	[STEP 412] residual = 6.676746e-08
	[STEP 413] residual = 6.160641e-08
	[STEP 414] residual = 5.728508e-08
	[STEP 415] residual = 5.118377e-08
	[STEP 416] residual = 4.433045e-08
	[STEP 417] residual = 3.539502e-08
	[STEP 418] residual = 2.748553e-08
	[STEP 419] residual = 2.198752e-08
	[STEP 420] residual = 1.752474e-08
	[STEP 421] residual = 1.467514e-08
	[STEP 422] residual = 1.297193e-08
	[STEP 423] residual = 1.189271e-08
	[STEP 424] residual = 1.028869e-08
	[STEP 425] residual = 8.759986e-09
	[STEP 426] residual = 7.121336e-09
	[STEP 427] residual = 5.513392e-09
	[STEP 428] residual = 4.502299e-09
	[STEP 429] residual = 4.016713e-09
	[STEP 430] residual = 3.598532e-09
	[STEP 431] residual = 3.234539e-09
	[STEP 432] residual = 2.963665e-09
	[STEP 433] residual = 2.588783e-09
	[STEP 434] residual = 2.259746e-09
	[STEP 435] residual = 2.231880e-09
	[STEP 436] residual = 2.116044e-09
	[STEP 437] residual = 1.889539e-09
	[STEP 438] residual = 1.725186e-09
	[STEP 439] residual = 1.538914e-09
	[STEP 440] residual = 1.299289e-09
	[STEP 441] residual = 1.138470e-09
	[STEP 442] residual = 1.026522e-09
	[STEP 443] residual = 8.699125e-10
	[STEP 444] residual = 7.625936e-10
	[STEP 445] residual = 6.282311e-10
	[STEP 446] residual = 5.036385e-10
	[STEP 447] residual = 4.145149e-10
	[STEP 448] residual = 3.341497e-10
	[STEP 449] residual = 2.867641e-10
	[STEP 450] residual = 2.545020e-10
	[STEP 451] residual = 2.248489e-10
	[STEP 452] residual = 1.907984e-10
	[STEP 453] residual = 1.764779e-10
	[STEP 454] residual = 1.595621e-10
	[STEP 455] residual = 1.532633e-10
	[STEP 456] residual = 1.496541e-10
	[STEP 457] residual = 1.432453e-10
	[STEP 458] residual = 1.409574e-10
	[STEP 459] residual = 1.303432e-10
	[STEP 460] residual = 1.179773e-10
	[STEP 461] residual = 1.132229e-10
	[STEP 462] residual = 1.090708e-10
	[STEP 463] residual = 1.086385e-10
	[STEP 464] residual = 1.089824e-10
	[STEP 465] residual = 1.064307e-10
	[STEP 466] residual = 1.079420e-10
	[STEP 467] residual = 1.112077e-10
	[STEP 468] residual = 1.161613e-10
	[STEP 469] residual = 1.253381e-10
	[STEP 470] residual = 1.370159e-10
	[STEP 471] residual = 1.490658e-10
	[STEP 472] residual = 1.647109e-10
	[STEP 473] residual = 1.684074e-10
	[STEP 474] residual = 1.919258e-10
	[STEP 475] residual = 2.111310e-10
	[STEP 476] residual = 2.304740e-10
	[STEP 477] residual = 2.374445e-10
	[STEP 478] residual = 2.388795e-10
	[STEP 479] residual = 2.422556e-10
	[STEP 480] residual = 2.318799e-10
	[STEP 481] residual = 2.098702e-10
	[STEP 482] residual = 1.942272e-10
	[STEP 483] residual = 1.728190e-10
	[STEP 484] residual = 1.532885e-10
	[STEP 485] residual = 1.354080e-10
	[STEP 486] residual = 1.184537e-10
	[STEP 487] residual = 1.045007e-10
	[STEP 488] residual = 1.045007e-10, ||x|| = 2.147364e+09, ||Ax - b||/||b|| = 1.314038e-12
Time for CG (dense solver)  = 7.038258e+00 [s]
Call CG dense on matrix size (10000 x 10000)
	[STEP 0] residual = 1.070598e+07
	[STEP 1] residual = 1.753438e+07
	[STEP 2] residual = 2.746423e+07
	[STEP 3] residual = 2.776525e+07
	[STEP 4] residual = 2.656576e+07
	[STEP 5] residual = 2.764594e+07
	[STEP 6] residual = 2.490192e+07
	[STEP 7] residual = 2.659979e+07
	[STEP 8] residual = 2.528158e+07
	[STEP 9] residual = 2.454786e+07
	[STEP 10] residual = 2.415690e+07
	[STEP 11] residual = 2.312167e+07
	[STEP 12] residual = 2.379587e+07
	[STEP 13] residual = 2.287451e+07
	[STEP 14] residual = 2.308698e+07
	[STEP 15] residual = 2.160891e+07
	[STEP 16] residual = 2.111370e+07
	[STEP 17] residual = 2.005554e+07
	[STEP 18] residual = 1.982332e+07
	[STEP 19] residual = 1.945666e+07
	[STEP 20] residual = 1.922029e+07
	[STEP 21] residual = 1.877865e+07
	[STEP 22] residual = 1.791206e+07
	[STEP 23] residual = 1.717663e+07
	[STEP 24] residual = 1.640361e+07
	[STEP 25] residual = 1.625114e+07
	[STEP 26] residual = 1.609306e+07
	[STEP 27] residual = 1.616705e+07
	[STEP 28] residual = 1.574292e+07
	[STEP 29] residual = 1.517179e+07
	[STEP 30] residual = 1.434618e+07
	[STEP 31] residual = 1.374896e+07
	[STEP 32] residual = 1.334599e+07
	[STEP 33] residual = 1.319470e+07
	[STEP 34] residual = 1.313973e+07
	[STEP 35] residual = 1.283678e+07
	[STEP 36] residual = 1.234760e+07
	[STEP 37] residual = 1.160812e+07
	[STEP 38] residual = 1.107445e+07
	[STEP 39] residual = 1.068373e+07
	[STEP 40] residual = 1.059603e+07
	[STEP 41] residual = 1.043707e+07
	[STEP 42] residual = 1.023342e+07
	[STEP 43] residual = 9.772375e+06
	[STEP 44] residual = 9.248735e+06
	[STEP 45] residual = 8.714003e+06
	[STEP 46] residual = 8.395918e+06
	[STEP 47] residual = 8.258643e+06
	[STEP 48] residual = 8.222834e+06
	[STEP 49] residual = 8.107108e+06
	[STEP 50] residual = 7.785802e+06
	[STEP 51] residual = 7.316078e+06
	[STEP 52] residual = 6.822445e+06
	[STEP 53] residual = 6.467453e+06
	[STEP 54] residual = 6.257865e+06
	[STEP 55] residual = 6.186699e+06
	[STEP 56] residual = 6.072256e+06
	[STEP 57] residual = 5.826536e+06
	[STEP 58] residual = 5.439384e+06
	[STEP 59] residual = 5.047664e+06
	[STEP 60] residual = 4.725100e+06
	[STEP 61] residual = 4.534898e+06
	[STEP 62] residual = 4.431651e+06
	[STEP 63] residual = 4.326552e+06
	[STEP 64] residual = 4.157138e+06
	[STEP 65] residual = 3.870999e+06
	[STEP 66] residual = 3.551668e+06
	[STEP 67] residual = 3.275313e+06
	[STEP 68] residual = 3.145505e+06
	[STEP 69] residual = 3.168721e+06
	[STEP 70] residual = 3.289813e+06
	[STEP 71] residual = 3.320164e+06
	[STEP 72] residual = 3.173339e+06
	[STEP 73] residual = 2.983173e+06
	[STEP 74] residual = 2.951379e+06
	[STEP 75] residual = 2.917862e+06
	[STEP 76] residual = 2.687524e+06
	[STEP 77] residual = 2.470051e+06
	[STEP 78] residual = 2.516831e+06
	[STEP 79] residual = 2.497562e+06
	[STEP 80] residual = 2.144917e+06
	[STEP 81] residual = 1.928549e+06
	[STEP 82] residual = 1.995451e+06
	[STEP 83] residual = 1.962320e+06
	[STEP 84] residual = 1.847499e+06
	[STEP 85] residual = 1.854334e+06
	[STEP 86] residual = 1.749144e+06
	[STEP 87] residual = 1.591687e+06
	[STEP 88] residual = 1.494248e+06
	[STEP 89] residual = 1.383994e+06
	[STEP 90] residual = 1.395617e+06
	[STEP 91] residual = 1.429624e+06
	[STEP 92] residual = 1.326381e+06
	[STEP 93] residual = 1.266592e+06
	[STEP 94] residual = 1.201844e+06
	[STEP 95] residual = 1.090198e+06
	[STEP 96] residual = 1.039834e+06
	[STEP 97] residual = 9.777318e+05
	[STEP 98] residual = 9.700271e+05
	[STEP 99] residual = 9.948794e+05
	[STEP 100] residual = 9.383211e+05
	[STEP 101] residual = 8.976369e+05
	[STEP 102] residual = 8.130641e+05
	[STEP 103] residual = 7.590345e+05
	[STEP 104] residual = 7.482626e+05
	[STEP 105] residual = 7.057988e+05
	[STEP 106] residual = 7.101228e+05
	[STEP 107] residual = 6.582589e+05
	[STEP 108] residual = 6.356669e+05
	[STEP 109] residual = 6.120922e+05
	[STEP 110] residual = 5.829385e+05
	[STEP 111] residual = 5.755749e+05
	[STEP 112] residual = 5.283165e+05
	[STEP 113] residual = 5.198008e+05
	[STEP 114] residual = 4.863903e+05
	[STEP 115] residual = 4.797464e+05
	[STEP 116] residual = 4.588153e+05
	[STEP 117] residual = 4.361163e+05
	[STEP 118] residual = 4.237268e+05
	[STEP 119] residual = 3.960226e+05
	[STEP 120] residual = 3.865113e+05
	[STEP 121] residual = 3.621268e+05
	[STEP 122] residual = 3.573672e+05
	[STEP 123] residual = 3.478112e+05
	[STEP 124] residual = 3.465567e+05
	[STEP 125] residual = 3.359274e+05
	[STEP 126] residual = 3.178266e+05
	[STEP 127] residual = 3.030284e+05
	[STEP 128] residual = 2.845181e+05
	[STEP 129] residual = 2.853861e+05
	[STEP 130] residual = 2.942741e+05
	[STEP 131] residual = 3.133604e+05
	[STEP 132] residual = 3.244267e+05
	[STEP 133] residual = 3.149702e+05
	[STEP 134] residual = 3.013401e+05
	[STEP 135] residual = 2.860700e+05
	[STEP 136] residual = 3.052767e+05
	[STEP 137] residual = 3.397827e+05
	[STEP 138] residual = 4.092457e+05
	[STEP 139] residual = 4.468528e+05
	[STEP 140] residual = 4.462370e+05
	[STEP 141] residual = 3.785801e+05
	[STEP 142] residual = 3.102969e+05
	[STEP 143] residual = 2.563429e+05
	[STEP 144] residual = 2.285678e+05
	[STEP 145] residual = 2.154940e+05
	[STEP 146] residual = 2.009538e+05
	[STEP 147] residual = 1.891472e+05
	[STEP 148] residual = 1.828396e+05
	[STEP 149] residual = 1.991299e+05
	[STEP 150] residual = 2.181809e+05
	[STEP 151] residual = 2.219884e+05
	[STEP 152] residual = 1.933614e+05
	[STEP 153] residual = 1.724755e+05
	[STEP 154] residual = 1.694769e+05
	[STEP 155] residual = 1.771392e+05
	[STEP 156] residual = 1.725127e+05
	[STEP 157] residual = 1.659907e+05
	[STEP 158] residual = 1.702605e+05
	[STEP 159] residual = 1.733516e+05
	[STEP 160] residual = 1.666027e+05
	[STEP 161] residual = 1.624273e+05
	[STEP 162] residual = 1.673891e+05
	[STEP 163] residual = 1.602770e+05
	[STEP 164] residual = 1.516390e+05
	[STEP 165] residual = 1.501209e+05
	[STEP 166] residual = 1.482535e+05
	[STEP 167] residual = 1.389400e+05
	[STEP 168] residual = 1.411001e+05
	[STEP 169] residual = 1.396325e+05
	[STEP 170] residual = 1.259822e+05
	[STEP 171] residual = 1.182373e+05
	[STEP 172] residual = 1.203905e+05
	[STEP 173] residual = 1.148729e+05
	[STEP 174] residual = 1.077162e+05
	[STEP 175] residual = 1.056622e+05
	[STEP 176] residual = 1.001443e+05
	[STEP 177] residual = 9.416551e+04
	[STEP 178] residual = 8.976172e+04
	[STEP 179] residual = 8.720147e+04
	[STEP 180] residual = 8.526926e+04
	[STEP 181] residual = 8.331100e+04
	[STEP 182] residual = 7.840679e+04
	[STEP 183] residual = 7.694232e+04
	[STEP 184] residual = 7.198154e+04
	[STEP 185] residual = 6.700135e+04
	[STEP 186] residual = 6.584752e+04
	[STEP 187] residual = 6.565070e+04
	[STEP 188] residual = 6.436301e+04
	[STEP 189] residual = 6.305702e+04
	[STEP 190] residual = 5.878913e+04
	[STEP 191] residual = 5.728058e+04
	[STEP 192] residual = 5.514187e+04
	[STEP 193] residual = 5.153070e+04
	[STEP 194] residual = 5.124911e+04
	[STEP 195] residual = 4.963318e+04
	[STEP 196] residual = 5.039110e+04
	[STEP 197] residual = 4.835662e+04
	[STEP 198] residual = 4.431180e+04
	[STEP 199] residual = 4.206198e+04
	[STEP 200] residual = 4.062435e+04
	[STEP 201] residual = 4.012563e+04
	[STEP 202] residual = 3.937173e+04
	[STEP 203] residual = 3.531620e+04
	[STEP 204] residual = 3.492270e+04
	[STEP 205] residual = 3.260186e+04
	[STEP 206] residual = 3.190600e+04
	[STEP 207] residual = 2.969855e+04
	[STEP 208] residual = 2.821672e+04
	[STEP 209] residual = 2.678613e+04
	[STEP 210] residual = 2.526511e+04
	[STEP 211] residual = 2.378467e+04
	[STEP 212] residual = 2.156262e+04
	[STEP 213] residual = 1.938253e+04
	[STEP 214] residual = 1.788205e+04
	[STEP 215] residual = 1.629840e+04
	[STEP 216] residual = 1.586563e+04
	[STEP 217] residual = 1.475419e+04
	[STEP 218] residual = 1.425597e+04
	[STEP 219] residual = 1.310445e+04
	[STEP 220] residual = 1.242138e+04
	[STEP 221] residual = 1.187430e+04
	[STEP 222] residual = 1.142841e+04
	[STEP 223] residual = 1.104220e+04
	[STEP 224] residual = 1.041581e+04
	[STEP 225] residual = 1.011988e+04
	[STEP 226] residual = 9.754459e+03
	[STEP 227] residual = 9.448461e+03
	[STEP 228] residual = 8.944402e+03
	[STEP 229] residual = 8.705761e+03
	[STEP 230] residual = 8.627702e+03
	[STEP 231] residual = 8.645983e+03
	[STEP 232] residual = 8.353783e+03
	[STEP 233] residual = 8.088294e+03
	[STEP 234] residual = 7.847959e+03
	[STEP 235] residual = 7.718097e+03
	[STEP 236] residual = 7.466640e+03
	[STEP 237] residual = 7.310691e+03
	[STEP 238] residual = 7.255759e+03
	[STEP 239] residual = 7.145990e+03
	[STEP 240] residual = 6.924655e+03
	[STEP 241] residual = 6.770768e+03
	[STEP 242] residual = 6.680824e+03
	[STEP 243] residual = 6.699749e+03
	[STEP 244] residual = 6.603370e+03
	[STEP 245] residual = 6.465494e+03
	[STEP 246] residual = 6.038938e+03
	[STEP 247] residual = 5.938034e+03
	[STEP 248] residual = 6.065933e+03
	[STEP 249] residual = 6.072185e+03
	[STEP 250] residual = 5.698332e+03
	[STEP 251] residual = 5.496997e+03
	[STEP 252] residual = 5.542028e+03
	[STEP 253] residual = 5.352869e+03
	[STEP 254] residual = 5.266255e+03
	[STEP 255] residual = 5.095512e+03
	[STEP 256] residual = 4.966174e+03
	[STEP 257] residual = 4.912137e+03
	[STEP 258] residual = 4.988684e+03
	[STEP 259] residual = 4.804866e+03
	[STEP 260] residual = 4.775188e+03
	[STEP 261] residual = 4.801079e+03
	[STEP 262] residual = 4.395872e+03
	[STEP 263] residual = 4.420359e+03
	[STEP 264] residual = 4.706316e+03
	[STEP 265] residual = 4.490981e+03
	[STEP 266] residual = 4.090335e+03
	[STEP 267] residual = 4.143791e+03
	[STEP 268] residual = 3.896779e+03
	[STEP 269] residual = 3.723431e+03
	[STEP 270] residual = 3.812946e+03
	[STEP 271] residual = 3.551786e+03
	[STEP 272] residual = 3.416449e+03
	[STEP 273] residual = 3.249195e+03
	[STEP 274] residual = 3.027233e+03
	[STEP 275] residual = 2.871642e+03
	[STEP 276] residual = 2.801098e+03
	[STEP 277] residual = 2.622319e+03
	[STEP 278] residual = 2.708582e+03
	[STEP 279] residual = 2.614824e+03
	[STEP 280] residual = 2.524888e+03
	[STEP 281] residual = 2.535370e+03
	[STEP 282] residual = 2.472863e+03
	[STEP 283] residual = 2.602869e+03
	[STEP 284] residual = 2.660989e+03
	[STEP 285] residual = 2.703475e+03
	[STEP 286] residual = 2.713095e+03
	[STEP 287] residual = 2.590616e+03
	[STEP 288] residual = 2.395877e+03
	[STEP 289] residual = 2.240373e+03
	[STEP 290] residual = 1.998747e+03
	[STEP 291] residual = 1.897070e+03
	[STEP 292] residual = 1.802759e+03
	[STEP 293] residual = 1.812374e+03
	[STEP 294] residual = 1.928648e+03
	[STEP 295] residual = 2.007995e+03
	[STEP 296] residual = 2.151519e+03
	[STEP 297] residual = 2.104817e+03
	[STEP 298] residual = 2.020114e+03
	[STEP 299] residual = 1.839770e+03
	[STEP 300] residual = 1.720075e+03
	[STEP 301] residual = 1.594282e+03
	[STEP 302] residual = 1.472662e+03
	[STEP 303] residual = 1.295433e+03
	[STEP 304] residual = 1.185111e+03
	[STEP 305] residual = 1.113815e+03
	[STEP 306] residual = 1.098338e+03
	[STEP 307] residual = 1.029155e+03
	[STEP 308] residual = 9.574727e+02
	[STEP 309] residual = 9.015968e+02
	[STEP 310] residual = 8.918256e+02
	[STEP 311] residual = 8.554325e+02
	[STEP 312] residual = 8.066242e+02
	[STEP 313] residual = 7.697288e+02
	[STEP 314] residual = 7.604238e+02
	[STEP 315] residual = 7.494850e+02
	[STEP 316] residual = 7.110521e+02
	[STEP 317] residual = 6.969633e+02
	[STEP 318] residual = 6.743865e+02
	[STEP 319] residual = 6.508843e+02
	[STEP 320] residual = 6.139287e+02
	[STEP 321] residual = 5.935462e+02
	[STEP 322] residual = 5.737773e+02
	[STEP 323] residual = 5.310190e+02
	[STEP 324] residual = 5.106204e+02
	[STEP 325] residual = 5.005238e+02
	[STEP 326] residual = 4.995450e+02
	[STEP 327] residual = 4.845698e+02
	[STEP 328] residual = 4.744337e+02
	[STEP 329] residual = 4.571632e+02
	[STEP 330] residual = 4.223673e+02
	[STEP 331] residual = 3.953074e+02
	[STEP 332] residual = 3.759575e+02
	[STEP 333] residual = 3.616702e+02
	[STEP 334] residual = 3.489022e+02
	[STEP 335] residual = 3.262449e+02
	[STEP 336] residual = 2.927223e+02
	[STEP 337] residual = 2.626134e+02
	[STEP 338] residual = 2.458005e+02
	[STEP 339] residual = 2.217616e+02
	[STEP 340] residual = 2.038453e+02
	[STEP 341] residual = 1.975511e+02
	[STEP 342] residual = 1.869354e+02
	[STEP 343] residual = 1.658578e+02
	[STEP 344] residual = 1.618679e+02
	[STEP 345] residual = 1.577116e+02
	[STEP 346] residual = 1.496139e+02
	[STEP 347] residual = 1.421191e+02
	[STEP 348] residual = 1.490353e+02
	[STEP 349] residual = 1.478624e+02
	[STEP 350] residual = 1.487987e+02
	[STEP 351] residual = 1.401849e+02
	[STEP 352] residual = 1.302577e+02
	[STEP 353] residual = 1.302128e+02
	[STEP 354] residual = 1.359529e+02
	[STEP 355] residual = 1.381686e+02
	[STEP 356] residual = 1.384002e+02
	[STEP 357] residual = 1.302487e+02
	[STEP 358] residual = 1.199310e+02
	[STEP 359] residual = 1.198368e+02
	[STEP 360] residual = 1.194779e+02
	[STEP 361] residual = 1.120057e+02
	[STEP 362] residual = 1.138756e+02
	[STEP 363] residual = 1.115742e+02
	[STEP 364] residual = 1.140164e+02
	[STEP 365] residual = 1.141679e+02
	[STEP 366] residual = 1.114202e+02
	[STEP 367] residual = 1.101689e+02
	[STEP 368] residual = 1.174577e+02
	[STEP 369] residual = 1.173871e+02
	[STEP 370] residual = 1.163858e+02
	[STEP 371] residual = 1.109323e+02
	[STEP 372] residual = 1.038050e+02
	[STEP 373] residual = 9.995240e+01
	[STEP 374] residual = 9.378451e+01
	[STEP 375] residual = 9.118415e+01
	[STEP 376] residual = 9.207761e+01
	[STEP 377] residual = 9.004208e+01
	[STEP 378] residual = 8.498694e+01
	[STEP 379] residual = 7.864703e+01
	[STEP 380] residual = 7.116406e+01
	[STEP 381] residual = 6.938527e+01
	[STEP 382] residual = 6.803972e+01
	[STEP 383] residual = 6.820718e+01
	[STEP 384] residual = 6.785659e+01
	[STEP 385] residual = 6.630495e+01
	[STEP 386] residual = 6.417708e+01
	[STEP 387] residual = 6.137932e+01
	[STEP 388] residual = 5.846537e+01
	[STEP 389] residual = 5.804559e+01
	[STEP 390] residual = 5.878669e+01
	[STEP 391] residual = 5.726829e+01
	[STEP 392] residual = 5.479366e+01
	[STEP 393] residual = 5.013953e+01
	[STEP 394] residual = 4.914347e+01
	[STEP 395] residual = 4.883738e+01
	[STEP 396] residual = 4.961390e+01
	[STEP 397] residual = 5.029208e+01
	[STEP 398] residual = 5.081534e+01
	[STEP 399] residual = 5.105348e+01
	[STEP 400] residual = 4.987930e+01
	[STEP 401] residual = 4.727315e+01
	[STEP 402] residual = 4.570864e+01
	[STEP 403] residual = 4.596194e+01
	[STEP 404] residual = 4.689383e+01
	[STEP 405] residual = 4.699518e+01
	[STEP 406] residual = 4.393986e+01
	[STEP 407] residual = 4.100645e+01
	[STEP 408] residual = 4.006775e+01
	[STEP 409] residual = 4.002701e+01
	[STEP 410] residual = 3.899964e+01
	[STEP 411] residual = 3.632518e+01
	[STEP 412] residual = 3.515138e+01
	[STEP 413] residual = 3.274938e+01
	[STEP 414] residual = 3.163814e+01
	[STEP 415] residual = 3.016561e+01
	[STEP 416] residual = 2.949563e+01
	[STEP 417] residual = 2.850780e+01
	[STEP 418] residual = 2.776272e+01
	[STEP 419] residual = 2.626968e+01
	[STEP 420] residual = 2.477469e+01
	[STEP 421] residual = 2.363219e+01
	[STEP 422] residual = 2.327157e+01
	[STEP 423] residual = 2.163068e+01
	[STEP 424] residual = 2.051430e+01
	[STEP 425] residual = 1.956982e+01
	[STEP 426] residual = 1.864206e+01
	[STEP 427] residual = 1.789268e+01
	[STEP 428] residual = 1.820668e+01
	[STEP 429] residual = 1.823988e+01
	[STEP 430] residual = 1.778963e+01
	[STEP 431] residual = 1.734805e+01
	[STEP 432] residual = 1.606846e+01
	[STEP 433] residual = 1.392080e+01
	[STEP 434] residual = 1.311416e+01
	[STEP 435] residual = 1.279607e+01
	[STEP 436] residual = 1.235800e+01
	[STEP 437] residual = 1.203235e+01
	[STEP 438] residual = 1.146613e+01
	[STEP 439] residual = 9.488033e+00
	[STEP 440] residual = 8.250098e+00
	[STEP 441] residual = 7.676927e+00
	[STEP 442] residual = 7.059168e+00
	[STEP 443] residual = 6.415166e+00
	[STEP 444] residual = 6.178655e+00
	[STEP 445] residual = 5.734322e+00
	[STEP 446] residual = 5.444555e+00
	[STEP 447] residual = 5.568308e+00
	[STEP 448] residual = 5.598396e+00
	[STEP 449] residual = 5.840019e+00
	[STEP 450] residual = 5.927121e+00
	[STEP 451] residual = 5.714839e+00
	[STEP 452] residual = 5.583893e+00
	[STEP 453] residual = 5.400830e+00
	[STEP 454] residual = 5.202353e+00
	[STEP 455] residual = 5.239179e+00
	[STEP 456] residual = 5.341136e+00
	[STEP 457] residual = 4.931227e+00
	[STEP 458] residual = 4.621848e+00
	[STEP 459] residual = 4.094469e+00
	[STEP 460] residual = 3.743336e+00
	[STEP 461] residual = 3.557242e+00
	[STEP 462] residual = 3.306604e+00
	[STEP 463] residual = 3.220603e+00
	[STEP 464] residual = 3.109399e+00
	[STEP 465] residual = 2.911277e+00
	[STEP 466] residual = 2.776138e+00
	[STEP 467] residual = 2.690750e+00
	[STEP 468] residual = 2.656249e+00
	[STEP 469] residual = 2.716501e+00
	[STEP 470] residual = 2.579282e+00
	[STEP 471] residual = 2.457422e+00
	[STEP 472] residual = 2.341665e+00
	[STEP 473] residual = 2.239868e+00
	[STEP 474] residual = 2.218367e+00
	[STEP 475] residual = 2.197586e+00
	[STEP 476] residual = 2.175106e+00
	[STEP 477] residual = 2.288377e+00
	[STEP 478] residual = 2.192681e+00
	[STEP 479] residual = 2.181981e+00
	[STEP 480] residual = 2.165585e+00
	[STEP 481] residual = 2.211647e+00
	[STEP 482] residual = 2.238538e+00
	[STEP 483] residual = 2.145250e+00
	[STEP 484] residual = 2.126718e+00
	[STEP 485] residual = 2.192199e+00
	[STEP 486] residual = 2.153929e+00
	[STEP 487] residual = 2.149751e+00
	[STEP 488] residual = 2.060573e+00
	[STEP 489] residual = 1.958509e+00
	[STEP 490] residual = 1.843146e+00
	[STEP 491] residual = 1.706598e+00
	[STEP 492] residual = 1.678248e+00
	[STEP 493] residual = 1.600664e+00
	[STEP 494] residual = 1.570208e+00
	[STEP 495] residual = 1.569708e+00
	[STEP 496] residual = 1.562101e+00
	[STEP 497] residual = 1.527132e+00
	[STEP 498] residual = 1.495452e+00
	[STEP 499] residual = 1.439917e+00
	[STEP 500] residual = 1.395746e+00
	[STEP 501] residual = 1.329902e+00
	[STEP 502] residual = 1.284963e+00
	[STEP 503] residual = 1.193685e+00
	[STEP 504] residual = 1.104262e+00
	[STEP 505] residual = 1.082079e+00
	[STEP 506] residual = 1.045966e+00
	[STEP 507] residual = 1.015158e+00
	[STEP 508] residual = 9.856952e-01
	[STEP 509] residual = 9.852225e-01
	[STEP 510] residual = 9.688189e-01
	[STEP 511] residual = 9.652325e-01
	[STEP 512] residual = 9.842761e-01
	[STEP 513] residual = 9.804817e-01
	[STEP 514] residual = 9.901989e-01
	[STEP 515] residual = 9.976681e-01
	[STEP 516] residual = 1.008119e+00
	[STEP 517] residual = 9.731801e-01
	[STEP 518] residual = 9.530307e-01
	[STEP 519] residual = 8.821521e-01
	[STEP 520] residual = 8.291404e-01
	[STEP 521] residual = 8.120364e-01
	[STEP 522] residual = 8.183131e-01
	[STEP 523] residual = 7.957612e-01
	[STEP 524] residual = 7.702309e-01
	[STEP 525] residual = 7.895325e-01
	[STEP 526] residual = 7.961891e-01
	[STEP 527] residual = 7.444634e-01
	[STEP 528] residual = 7.063888e-01
	[STEP 529] residual = 7.091847e-01
	[STEP 530] residual = 7.057105e-01
	[STEP 531] residual = 6.282055e-01
	[STEP 532] residual = 5.816783e-01
	[STEP 533] residual = 5.535313e-01
	[STEP 534] residual = 5.169064e-01
	[STEP 535] residual = 4.943467e-01
	[STEP 536] residual = 4.837944e-01
	[STEP 537] residual = 4.760948e-01
	[STEP 538] residual = 4.552559e-01
	[STEP 539] residual = 4.352682e-01
	[STEP 540] residual = 3.967285e-01
	[STEP 541] residual = 3.719706e-01
	[STEP 542] residual = 3.542484e-01
	[STEP 543] residual = 3.318049e-01
	[STEP 544] residual = 3.198759e-01
	[STEP 545] residual = 3.088287e-01
	[STEP 546] residual = 2.951884e-01
	[STEP 547] residual = 2.809577e-01
	[STEP 548] residual = 2.564084e-01
	[STEP 549] residual = 2.384769e-01
	[STEP 550] residual = 2.255815e-01
	[STEP 551] residual = 2.150181e-01
	[STEP 552] residual = 2.054712e-01
	[STEP 553] residual = 2.011944e-01
	[STEP 554] residual = 1.913046e-01
	[STEP 555] residual = 1.871757e-01
	[STEP 556] residual = 1.840298e-01
	[STEP 557] residual = 1.792726e-01
	[STEP 558] residual = 1.780456e-01
	[STEP 559] residual = 1.693811e-01
	[STEP 560] residual = 1.649664e-01
	[STEP 561] residual = 1.623020e-01
	[STEP 562] residual = 1.566675e-01
	[STEP 563] residual = 1.472220e-01
	[STEP 564] residual = 1.389806e-01
	[STEP 565] residual = 1.315067e-01
	[STEP 566] residual = 1.259172e-01
	[STEP 567] residual = 1.160817e-01
	[STEP 568] residual = 1.069947e-01
	[STEP 569] residual = 9.963252e-02
	[STEP 570] residual = 8.989986e-02
	[STEP 571] residual = 8.094506e-02
	[STEP 572] residual = 7.314349e-02
	[STEP 573] residual = 6.899016e-02
	[STEP 574] residual = 6.797910e-02
	[STEP 575] residual = 6.553068e-02
	[STEP 576] residual = 6.499323e-02
	[STEP 577] residual = 6.333490e-02
	[STEP 578] residual = 6.092713e-02
	[STEP 579] residual = 5.829339e-02
	[STEP 580] residual = 5.510792e-02
	[STEP 581] residual = 5.348617e-02
	[STEP 582] residual = 5.130319e-02
	[STEP 583] residual = 5.028856e-02
	[STEP 584] residual = 4.899310e-02
	[STEP 585] residual = 4.990315e-02
	[STEP 586] residual = 5.247880e-02
	[STEP 587] residual = 5.620304e-02
	[STEP 588] residual = 6.078771e-02
	[STEP 589] residual = 6.221752e-02
	[STEP 590] residual = 6.137760e-02
	[STEP 591] residual = 5.985306e-02
	[STEP 592] residual = 5.774443e-02
	[STEP 593] residual = 5.205386e-02
	[STEP 594] residual = 4.559580e-02
	[STEP 595] residual = 4.126754e-02
	[STEP 596] residual = 3.941631e-02
	[STEP 597] residual = 3.747624e-02
	[STEP 598] residual = 3.897406e-02
	[STEP 599] residual = 3.908755e-02
	[STEP 600] residual = 3.630463e-02
	[STEP 601] residual = 3.348858e-02
	[STEP 602] residual = 3.366599e-02
	[STEP 603] residual = 3.454085e-02
	[STEP 604] residual = 3.343529e-02
	[STEP 605] residual = 3.169260e-02
	[STEP 606] residual = 3.123521e-02
	[STEP 607] residual = 3.078463e-02
	[STEP 608] residual = 3.320649e-02
	[STEP 609] residual = 3.426941e-02
	[STEP 610] residual = 3.416694e-02
	[STEP 611] residual = 3.281059e-02
	[STEP 612] residual = 3.187496e-02
	[STEP 613] residual = 3.221257e-02
	[STEP 614] residual = 3.146820e-02
	[STEP 615] residual = 3.038711e-02
	[STEP 616] residual = 2.785245e-02
	[STEP 617] residual = 2.667655e-02
	[STEP 618] residual = 2.519616e-02
	[STEP 619] residual = 2.175970e-02
	[STEP 620] residual = 2.044900e-02
	[STEP 621] residual = 1.985074e-02
	[STEP 622] residual = 1.882963e-02
	[STEP 623] residual = 1.792441e-02
	[STEP 624] residual = 1.780162e-02
	[STEP 625] residual = 1.765443e-02
	[STEP 626] residual = 1.773606e-02
	[STEP 627] residual = 1.823347e-02
	[STEP 628] residual = 1.864848e-02
	[STEP 629] residual = 1.969061e-02
	[STEP 630] residual = 2.049979e-02
	[STEP 631] residual = 1.992073e-02
	[STEP 632] residual = 2.036463e-02
	[STEP 633] residual = 1.974661e-02
	[STEP 634] residual = 1.841170e-02
	[STEP 635] residual = 1.746324e-02
	[STEP 636] residual = 1.682238e-02
	[STEP 637] residual = 1.620129e-02
	[STEP 638] residual = 1.588200e-02
	[STEP 639] residual = 1.505367e-02
	[STEP 640] residual = 1.439966e-02
	[STEP 641] residual = 1.417955e-02
	[STEP 642] residual = 1.326254e-02
	[STEP 643] residual = 1.275956e-02
	[STEP 644] residual = 1.233261e-02
	[STEP 645] residual = 1.194606e-02
	[STEP 646] residual = 1.223204e-02
	[STEP 647] residual = 1.247615e-02
	[STEP 648] residual = 1.257966e-02
	[STEP 649] residual = 1.247600e-02
	[STEP 650] residual = 1.193146e-02
	[STEP 651] residual = 1.129178e-02
	[STEP 652] residual = 1.086339e-02
	[STEP 653] residual = 9.897182e-03
	[STEP 654] residual = 9.308634e-03
	[STEP 655] residual = 8.387642e-03
	[STEP 656] residual = 7.301542e-03
	[STEP 657] residual = 6.650563e-03
	[STEP 658] residual = 5.968511e-03
	[STEP 659] residual = 5.439481e-03
	[STEP 660] residual = 4.984474e-03
	[STEP 661] residual = 4.554754e-03
	[STEP 662] residual = 4.416293e-03
	[STEP 663] residual = 4.323470e-03
	[STEP 664] residual = 4.306704e-03
	[STEP 665] residual = 4.352257e-03
	[STEP 666] residual = 4.095310e-03
	[STEP 667] residual = 3.801491e-03
	[STEP 668] residual = 3.553531e-03
	[STEP 669] residual = 3.228006e-03
	[STEP 670] residual = 3.077012e-03
	[STEP 671] residual = 2.861827e-03
	[STEP 672] residual = 2.670534e-03
	[STEP 673] residual = 2.578783e-03
	[STEP 674] residual = 2.495473e-03
	[STEP 675] residual = 2.606199e-03
	[STEP 676] residual = 2.693087e-03
	[STEP 677] residual = 2.648454e-03
	[STEP 678] residual = 2.565381e-03
	[STEP 679] residual = 2.424356e-03
	[STEP 680] residual = 2.358046e-03
	[STEP 681] residual = 2.242771e-03
	[STEP 682] residual = 2.113734e-03
	[STEP 683] residual = 2.094425e-03
	[STEP 684] residual = 2.102541e-03
	[STEP 685] residual = 2.030445e-03
	[STEP 686] residual = 1.970111e-03
	[STEP 687] residual = 1.822272e-03
	[STEP 688] residual = 1.728047e-03
	[STEP 689] residual = 1.580764e-03
	[STEP 690] residual = 1.520619e-03
	[STEP 691] residual = 1.427696e-03
	[STEP 692] residual = 1.292139e-03
	[STEP 693] residual = 1.218881e-03
	[STEP 694] residual = 1.154863e-03
	[STEP 695] residual = 1.092495e-03
	[STEP 696] residual = 1.048685e-03
	[STEP 697] residual = 1.037039e-03
	[STEP 698] residual = 1.042750e-03
	[STEP 699] residual = 1.049147e-03
	[STEP 700] residual = 1.035619e-03
	[STEP 701] residual = 1.013078e-03
	[STEP 702] residual = 9.786016e-04
	[STEP 703] residual = 9.582638e-04
	[STEP 704] residual = 9.285050e-04
	[STEP 705] residual = 9.049791e-04
	[STEP 706] residual = 8.919295e-04
	[STEP 707] residual = 8.515800e-04
	[STEP 708] residual = 8.256834e-04
	[STEP 709] residual = 7.846886e-04
	[STEP 710] residual = 7.602538e-04
	[STEP 711] residual = 7.384307e-04
	[STEP 712] residual = 7.640960e-04
	[STEP 713] residual = 8.056764e-04
	[STEP 714] residual = 8.435026e-04
	[STEP 715] residual = 8.690876e-04
	[STEP 716] residual = 8.764511e-04
	[STEP 717] residual = 8.872207e-04
	[STEP 718] residual = 8.146681e-04
	[STEP 719] residual = 7.459442e-04
	[STEP 720] residual = 7.077571e-04
	[STEP 721] residual = 7.061365e-04
	[STEP 722] residual = 6.992846e-04
	[STEP 723] residual = 6.816848e-04
	[STEP 724] residual = 6.655446e-04
	[STEP 725] residual = 6.045429e-04
	[STEP 726] residual = 5.402442e-04
	[STEP 727] residual = 4.806277e-04
	[STEP 728] residual = 4.632322e-04
	[STEP 729] residual = 4.666334e-04
	[STEP 730] residual = 4.756647e-04
	[STEP 731] residual = 4.731261e-04
	[STEP 732] residual = 4.556356e-04
	[STEP 733] residual = 4.193802e-04
	[STEP 734] residual = 3.996608e-04
	[STEP 735] residual = 3.904513e-04
	[STEP 736] residual = 4.134136e-04
	[STEP 737] residual = 4.315982e-04
	[STEP 738] residual = 4.404751e-04
	[STEP 739] residual = 4.377711e-04
	[STEP 740] residual = 4.278345e-04
	[STEP 741] residual = 4.054450e-04
	[STEP 742] residual = 3.957725e-04
	[STEP 743] residual = 4.031046e-04
	[STEP 744] residual = 4.087725e-04
	[STEP 745] residual = 4.088187e-04
	[STEP 746] residual = 3.954354e-04
	[STEP 747] residual = 3.684775e-04
	[STEP 748] residual = 3.620289e-04
	[STEP 749] residual = 3.436201e-04
	[STEP 750] residual = 3.280593e-04
	[STEP 751] residual = 3.098396e-04
	[STEP 752] residual = 2.984455e-04
	[STEP 753] residual = 2.870735e-04
	[STEP 754] residual = 2.835266e-04
	[STEP 755] residual = 2.812957e-04
	[STEP 756] residual = 2.807066e-04
	[STEP 757] residual = 2.643314e-04
	[STEP 758] residual = 2.477153e-04
	[STEP 759] residual = 2.383813e-04
	[STEP 760] residual = 2.293966e-04
	[STEP 761] residual = 2.236200e-04
	[STEP 762] residual = 2.261965e-04
	[STEP 763] residual = 2.311084e-04
	[STEP 764] residual = 2.313918e-04
	[STEP 765] residual = 2.257845e-04
	[STEP 766] residual = 2.144532e-04
	[STEP 767] residual = 2.038817e-04
	[STEP 768] residual = 1.938076e-04
	[STEP 769] residual = 1.840102e-04
	[STEP 770] residual = 1.682761e-04
	[STEP 771] residual = 1.537494e-04
	[STEP 772] residual = 1.401614e-04
	[STEP 773] residual = 1.278352e-04
	[STEP 774] residual = 1.169020e-04
	[STEP 775] residual = 1.084209e-04
	[STEP 776] residual = 1.029121e-04
	[STEP 777] residual = 9.874169e-05
	[STEP 778] residual = 9.625042e-05
	[STEP 779] residual = 9.271023e-05
	[STEP 780] residual = 8.782515e-05
	[STEP 781] residual = 8.221494e-05
	[STEP 782] residual = 7.877825e-05
	[STEP 783] residual = 7.357314e-05
	[STEP 784] residual = 7.166304e-05
	[STEP 785] residual = 7.138615e-05
	[STEP 786] residual = 6.992865e-05
	[STEP 787] residual = 6.518911e-05
	[STEP 788] residual = 6.097708e-05
	[STEP 789] residual = 5.766553e-05
	[STEP 790] residual = 5.140890e-05
	[STEP 791] residual = 4.478360e-05
	[STEP 792] residual = 4.107938e-05
	[STEP 793] residual = 3.724777e-05
	[STEP 794] residual = 3.563739e-05
	[STEP 795] residual = 3.409444e-05
	[STEP 796] residual = 3.319305e-05
	[STEP 797] residual = 3.291491e-05
	[STEP 798] residual = 3.495064e-05
	[STEP 799] residual = 3.749461e-05
	[STEP 800] residual = 3.806417e-05
	[STEP 801] residual = 3.906653e-05
	[STEP 802] residual = 3.748009e-05
	[STEP 803] residual = 3.544994e-05
	[STEP 804] residual = 3.358460e-05
	[STEP 805] residual = 3.090767e-05
	[STEP 806] residual = 2.801351e-05
	[STEP 807] residual = 2.691142e-05
	[STEP 808] residual = 2.584783e-05
	[STEP 809] residual = 2.485564e-05
	[STEP 810] residual = 2.453807e-05
	[STEP 811] residual = 2.478904e-05
	[STEP 812] residual = 2.433430e-05
	[STEP 813] residual = 2.438625e-05
	[STEP 814] residual = 2.416003e-05
	[STEP 815] residual = 2.438125e-05
	[STEP 816] residual = 2.417161e-05
	[STEP 817] residual = 2.333197e-05
	[STEP 818] residual = 2.160522e-05
	[STEP 819] residual = 2.016876e-05
	[STEP 820] residual = 1.776202e-05
	[STEP 821] residual = 1.694629e-05
	[STEP 822] residual = 1.572122e-05
	[STEP 823] residual = 1.464781e-05
	[STEP 824] residual = 1.386761e-05
	[STEP 825] residual = 1.435062e-05
	[STEP 826] residual = 1.473053e-05
	[STEP 827] residual = 1.516630e-05
	[STEP 828] residual = 1.499327e-05
	[STEP 829] residual = 1.498769e-05
	[STEP 830] residual = 1.482775e-05
	[STEP 831] residual = 1.435234e-05
	[STEP 832] residual = 1.435096e-05
	[STEP 833] residual = 1.396673e-05
	[STEP 834] residual = 1.354978e-05
	[STEP 835] residual = 1.310307e-05
	[STEP 836] residual = 1.293853e-05
	[STEP 837] residual = 1.241219e-05
	[STEP 838] residual = 1.260333e-05
	[STEP 839] residual = 1.254129e-05
	[STEP 840] residual = 1.223852e-05
	[STEP 841] residual = 1.158366e-05
	[STEP 842] residual = 1.089727e-05
	[STEP 843] residual = 1.061801e-05
	[STEP 844] residual = 1.028508e-05
	[STEP 845] residual = 1.008736e-05
	[STEP 846] residual = 1.025438e-05
	[STEP 847] residual = 1.024875e-05
	[STEP 848] residual = 1.031320e-05
	[STEP 849] residual = 1.015165e-05
	[STEP 850] residual = 1.000960e-05
	[STEP 851] residual = 9.425172e-06
	[STEP 852] residual = 8.745537e-06
	[STEP 853] residual = 8.327339e-06
	[STEP 854] residual = 8.205803e-06
	[STEP 855] residual = 7.745605e-06
	[STEP 856] residual = 7.391956e-06
	[STEP 857] residual = 7.122859e-06
	[STEP 858] residual = 6.924026e-06
	[STEP 859] residual = 6.886046e-06
	[STEP 860] residual = 6.752257e-06
	[STEP 861] residual = 6.481055e-06
	[STEP 862] residual = 6.257853e-06
	[STEP 863] residual = 6.420563e-06
	[STEP 864] residual = 6.621938e-06
	[STEP 865] residual = 6.595607e-06
	[STEP 866] residual = 6.762180e-06
	[STEP 867] residual = 6.773392e-06
	[STEP 868] residual = 6.368155e-06
	[STEP 869] residual = 6.374469e-06
	[STEP 870] residual = 6.706137e-06
	[STEP 871] residual = 6.716532e-06
	[STEP 872] residual = 6.340081e-06
	[STEP 873] residual = 6.065127e-06
	[STEP 874] residual = 5.920922e-06
	[STEP 875] residual = 5.442294e-06
	[STEP 876] residual = 5.050172e-06
	[STEP 877] residual = 4.756801e-06
	[STEP 878] residual = 4.310450e-06
	[STEP 879] residual = 4.099335e-06
	[STEP 880] residual = 3.825748e-06
	[STEP 881] residual = 3.646197e-06
	[STEP 882] residual = 3.603213e-06
	[STEP 883] residual = 3.502870e-06
	[STEP 884] residual = 3.379519e-06
	[STEP 885] residual = 3.132015e-06
	[STEP 886] residual = 3.041916e-06
	[STEP 887] residual = 2.679448e-06
	[STEP 888] residual = 2.267180e-06
	[STEP 889] residual = 2.054113e-06
	[STEP 890] residual = 1.852960e-06
	[STEP 891] residual = 1.645681e-06
	[STEP 892] residual = 1.601458e-06
	[STEP 893] residual = 1.610006e-06
	[STEP 894] residual = 1.595837e-06
	[STEP 895] residual = 1.625177e-06
	[STEP 896] residual = 1.560406e-06
	[STEP 897] residual = 1.540137e-06
	[STEP 898] residual = 1.459673e-06
	[STEP 899] residual = 1.415139e-06
	[STEP 900] residual = 1.328938e-06
	[STEP 901] residual = 1.327429e-06
	[STEP 902] residual = 1.267428e-06
	[STEP 903] residual = 1.208167e-06
	[STEP 904] residual = 1.224793e-06
	[STEP 905] residual = 1.179191e-06
	[STEP 906] residual = 1.148103e-06
	[STEP 907] residual = 1.118913e-06
	[STEP 908] residual = 1.026562e-06
	[STEP 909] residual = 9.475936e-07
	[STEP 910] residual = 8.874982e-07
	[STEP 911] residual = 8.271892e-07
	[STEP 912] residual = 8.039319e-07
	[STEP 913] residual = 7.450591e-07
	[STEP 914] residual = 6.564292e-07
	[STEP 915] residual = 6.118030e-07
	[STEP 916] residual = 5.779420e-07
	[STEP 917] residual = 5.515512e-07
	[STEP 918] residual = 5.346212e-07
	[STEP 919] residual = 5.142634e-07
	[STEP 920] residual = 5.339998e-07
	[STEP 921] residual = 5.591678e-07
	[STEP 922] residual = 5.480358e-07
	[STEP 923] residual = 5.368560e-07
	[STEP 924] residual = 5.376858e-07
	[STEP 925] residual = 5.351039e-07
	[STEP 926] residual = 5.368984e-07
	[STEP 927] residual = 5.154365e-07
	[STEP 928] residual = 4.886507e-07
	[STEP 929] residual = 4.711313e-07
	[STEP 930] residual = 4.322032e-07
	[STEP 931] residual = 4.148653e-07
	[STEP 932] residual = 4.073600e-07
	[STEP 933] residual = 4.065582e-07
	[STEP 934] residual = 3.968963e-07
	[STEP 935] residual = 3.820808e-07
	[STEP 936] residual = 3.701434e-07
	[STEP 937] residual = 3.856802e-07
	[STEP 938] residual = 3.802282e-07
	[STEP 939] residual = 3.681993e-07
	[STEP 940] residual = 3.554545e-07
	[STEP 941] residual = 3.373191e-07
	[STEP 942] residual = 3.054420e-07
	[STEP 943] residual = 2.606811e-07
	[STEP 944] residual = 2.331410e-07
	[STEP 945] residual = 2.223322e-07
	[STEP 946] residual = 2.075830e-07
	[STEP 947] residual = 2.197915e-07
	[STEP 948] residual = 2.325163e-07
	[STEP 949] residual = 2.567899e-07
	[STEP 950] residual = 2.778556e-07
	[STEP 951] residual = 2.911208e-07
	[STEP 952] residual = 2.957959e-07
	[STEP 953] residual = 2.808582e-07
	[STEP 954] residual = 2.629327e-07
	[STEP 955] residual = 2.473158e-07
	[STEP 956] residual = 2.270269e-07
	[STEP 957] residual = 2.121397e-07
	[STEP 958] residual = 2.044837e-07
	[STEP 959] residual = 1.886744e-07
	[STEP 960] residual = 1.880773e-07
	[STEP 961] residual = 1.965050e-07
	[STEP 962] residual = 1.994449e-07
	[STEP 963] residual = 1.957656e-07
	[STEP 964] residual = 1.935896e-07
	[STEP 965] residual = 1.937422e-07
	[STEP 966] residual = 1.802556e-07
	[STEP 967] residual = 1.741255e-07
	[STEP 968] residual = 1.709714e-07
	[STEP 969] residual = 1.522240e-07
	[STEP 970] residual = 1.409527e-07
	[STEP 971] residual = 1.382447e-07
	[STEP 972] residual = 1.348303e-07
	[STEP 973] residual = 1.366390e-07
	[STEP 974] residual = 1.393450e-07
	[STEP 975] residual = 1.400204e-07
	[STEP 976] residual = 1.395181e-07
	[STEP 977] residual = 1.376288e-07
	[STEP 978] residual = 1.386543e-07
	[STEP 979] residual = 1.386231e-07
	[STEP 980] residual = 1.400703e-07
	[STEP 981] residual = 1.314597e-07
	[STEP 982] residual = 1.286625e-07
	[STEP 983] residual = 1.253988e-07
	[STEP 984] residual = 1.187839e-07
	[STEP 985] residual = 1.135251e-07
	[STEP 986] residual = 1.100381e-07
	[STEP 987] residual = 1.007319e-07
	[STEP 988] residual = 1.001431e-07
	[STEP 989] residual = 9.959471e-08
	[STEP 990] residual = 9.580025e-08
	[STEP 991] residual = 9.711891e-08
	[STEP 992] residual = 9.671790e-08
	[STEP 993] residual = 9.475583e-08
	[STEP 994] residual = 8.765948e-08
	[STEP 995] residual = 8.620655e-08
	[STEP 996] residual = 8.348645e-08
	[STEP 997] residual = 8.193352e-08
	[STEP 998] residual = 7.709321e-08
	[STEP 999] residual = 7.221551e-08
	[STEP 1000] residual = 6.748492e-08
	[STEP 1001] residual = 5.904745e-08
	[STEP 1002] residual = 5.403526e-08
	[STEP 1003] residual = 5.135025e-08
	[STEP 1004] residual = 4.429797e-08
	[STEP 1005] residual = 4.095282e-08
	[STEP 1006] residual = 3.797888e-08
	[STEP 1007] residual = 3.495021e-08
	[STEP 1008] residual = 3.336181e-08
	[STEP 1009] residual = 3.155058e-08
	[STEP 1010] residual = 2.977836e-08
	[STEP 1011] residual = 2.758905e-08
	[STEP 1012] residual = 2.644310e-08
	[STEP 1013] residual = 2.573504e-08
	[STEP 1014] residual = 2.485450e-08
	[STEP 1015] residual = 2.336797e-08
	[STEP 1016] residual = 2.189483e-08
	[STEP 1017] residual = 2.196360e-08
	[STEP 1018] residual = 2.060218e-08
	[STEP 1019] residual = 1.894840e-08
	[STEP 1020] residual = 1.766111e-08
	[STEP 1021] residual = 1.686653e-08
	[STEP 1022] residual = 1.712889e-08
	[STEP 1023] residual = 1.642125e-08
	[STEP 1024] residual = 1.633659e-08
	[STEP 1025] residual = 1.664463e-08
	[STEP 1026] residual = 1.526295e-08
	[STEP 1027] residual = 1.462482e-08
	[STEP 1028] residual = 1.372784e-08
	[STEP 1029] residual = 1.343803e-08
	[STEP 1030] residual = 1.373648e-08
	[STEP 1031] residual = 1.454989e-08
	[STEP 1032] residual = 1.516561e-08
	[STEP 1033] residual = 1.453058e-08
	[STEP 1034] residual = 1.425162e-08
	[STEP 1035] residual = 1.420303e-08
	[STEP 1036] residual = 1.394961e-08
	[STEP 1037] residual = 1.305563e-08
	[STEP 1038] residual = 1.214065e-08
	[STEP 1039] residual = 1.123560e-08
	[STEP 1040] residual = 1.070773e-08
	[STEP 1041] residual = 1.061357e-08
	[STEP 1042] residual = 9.732752e-09
	[STEP 1043] residual = 9.083396e-09
	[STEP 1044] residual = 8.370406e-09
	[STEP 1045] residual = 7.539377e-09
	[STEP 1046] residual = 6.930051e-09
	[STEP 1047] residual = 6.497260e-09
	[STEP 1048] residual = 6.298446e-09
	[STEP 1049] residual = 6.368294e-09
	[STEP 1050] residual = 6.412508e-09
	[STEP 1051] residual = 6.541421e-09
	[STEP 1052] residual = 6.408065e-09
	[STEP 1053] residual = 6.521324e-09
	[STEP 1054] residual = 6.648837e-09
	[STEP 1055] residual = 6.617651e-09
	[STEP 1056] residual = 6.547966e-09
	[STEP 1057] residual = 6.343011e-09
	[STEP 1058] residual = 6.216192e-09
	[STEP 1059] residual = 6.122297e-09
	[STEP 1060] residual = 5.829299e-09
	[STEP 1061] residual = 5.682865e-09
	[STEP 1062] residual = 5.623384e-09
	[STEP 1063] residual = 5.396402e-09
	[STEP 1064] residual = 5.169403e-09
	[STEP 1065] residual = 5.006223e-09
	[STEP 1066] residual = 4.688334e-09
	[STEP 1067] residual = 4.329821e-09
	[STEP 1068] residual = 3.819223e-09
	[STEP 1069] residual = 3.835717e-09
	[STEP 1070] residual = 3.885702e-09
	[STEP 1071] residual = 3.943251e-09
	[STEP 1072] residual = 3.953345e-09
	[STEP 1073] residual = 4.002503e-09
	[STEP 1074] residual = 4.054344e-09
	[STEP 1075] residual = 4.101571e-09
	[STEP 1076] residual = 4.191963e-09
	[STEP 1077] residual = 4.079941e-09
	[STEP 1078] residual = 3.925549e-09
	[STEP 1079] residual = 3.888264e-09
	[STEP 1080] residual = 3.634485e-09
	[STEP 1081] residual = 3.495213e-09
	[STEP 1082] residual = 3.557104e-09
	[STEP 1083] residual = 3.582478e-09
	[STEP 1084] residual = 3.553749e-09
	[STEP 1085] residual = 3.425255e-09
	[STEP 1086] residual = 3.266679e-09
	[STEP 1087] residual = 3.204667e-09
	[STEP 1088] residual = 3.175025e-09
	[STEP 1089] residual = 3.023578e-09
	[STEP 1090] residual = 3.054630e-09
	[STEP 1091] residual = 3.003416e-09
	[STEP 1092] residual = 2.857948e-09
	[STEP 1093] residual = 2.711819e-09
	[STEP 1094] residual = 2.556715e-09
	[STEP 1095] residual = 2.462504e-09
	[STEP 1096] residual = 2.362845e-09
	[STEP 1097] residual = 2.281259e-09
	[STEP 1098] residual = 2.306277e-09
	[STEP 1099] residual = 2.412348e-09
	[STEP 1100] residual = 2.229353e-09
	[STEP 1101] residual = 2.134771e-09
	[STEP 1102] residual = 2.072664e-09
	[STEP 1103] residual = 1.972438e-09
	[STEP 1104] residual = 1.946070e-09
	[STEP 1105] residual = 1.811541e-09
	[STEP 1106] residual = 1.654113e-09
	[STEP 1107] residual = 1.525834e-09
	[STEP 1108] residual = 1.503602e-09
	[STEP 1109] residual = 1.535528e-09
	[STEP 1110] residual = 1.525042e-09
	[STEP 1111] residual = 1.468131e-09
	[STEP 1112] residual = 1.414751e-09
	[STEP 1113] residual = 1.391723e-09
	[STEP 1114] residual = 1.374743e-09
	[STEP 1115] residual = 1.316830e-09
	[STEP 1116] residual = 1.226053e-09
	[STEP 1117] residual = 1.097387e-09
	[STEP 1118] residual = 1.039201e-09
	[STEP 1119] residual = 9.968437e-10
	[STEP 1120] residual = 9.020245e-10
	[STEP 1121] residual = 8.300051e-10
	[STEP 1122] residual = 7.664384e-10
	[STEP 1123] residual = 7.566564e-10
	[STEP 1124] residual = 7.163536e-10
	[STEP 1125] residual = 6.796089e-10
	[STEP 1126] residual = 6.694098e-10
	[STEP 1127] residual = 6.251619e-10
	[STEP 1128] residual = 6.017217e-10
	[STEP 1129] residual = 5.841725e-10
	[STEP 1130] residual = 5.670833e-10
	[STEP 1131] residual = 5.372027e-10
	[STEP 1132] residual = 4.975611e-10
	[STEP 1133] residual = 4.575607e-10
	[STEP 1134] residual = 4.351164e-10
	[STEP 1135] residual = 3.917240e-10
	[STEP 1136] residual = 3.509479e-10
	[STEP 1137] residual = 3.207472e-10
	[STEP 1138] residual = 3.136361e-10
	[STEP 1139] residual = 2.926614e-10
	[STEP 1140] residual = 2.829770e-10
	[STEP 1141] residual = 2.808849e-10
	[STEP 1142] residual = 2.741823e-10
	[STEP 1143] residual = 2.740647e-10
	[STEP 1144] residual = 2.756200e-10
	[STEP 1145] residual = 2.730571e-10
	[STEP 1146] residual = 2.623218e-10
	[STEP 1147] residual = 2.638579e-10
	[STEP 1148] residual = 2.647372e-10
	[STEP 1149] residual = 2.546436e-10
	[STEP 1150] residual = 2.529939e-10
	[STEP 1151] residual = 2.541770e-10
	[STEP 1152] residual = 2.463776e-10
	[STEP 1153] residual = 2.250729e-10
	[STEP 1154] residual = 2.086391e-10
	[STEP 1155] residual = 2.010317e-10
	[STEP 1156] residual = 2.062478e-10
	[STEP 1157] residual = 2.118061e-10
	[STEP 1158] residual = 2.121458e-10
	[STEP 1159] residual = 2.080233e-10
	[STEP 1160] residual = 1.980971e-10
	[STEP 1161] residual = 1.823456e-10
	[STEP 1162] residual = 1.711812e-10
	[STEP 1163] residual = 1.625516e-10
	[STEP 1164] residual = 1.619799e-10
	[STEP 1165] residual = 1.596390e-10
	[STEP 1166] residual = 1.564820e-10
	[STEP 1167] residual = 1.555291e-10
	[STEP 1168] residual = 1.507996e-10
	[STEP 1169] residual = 1.417973e-10
	[STEP 1170] residual = 1.280688e-10
	[STEP 1171] residual = 1.178688e-10
	[STEP 1172] residual = 1.084001e-10
	[STEP 1173] residual = 1.018154e-10
	[STEP 1174] residual = 1.018154e-10, ||x|| = 2.147364e+09, ||Ax - b||/||b|| = 2.063233e-12
Time for CG (dense solver)  = 1.383781e+01 [s]
