make: Nothing to be done for 'all'.
rm: cannot remove '../results/strong_scaling.txt': No such file or directory
rm: cannot remove '../results/weak_scaling.txt': No such file or directory
Call CG dense on matrix size (2000 x 2000)
	[STEP 454] residual = 1.051045e-10, ||x|| = 6.236154e+19, ||Ax - b||/||b|| = 2.285809e+14
Time for CG (dense solver)  = 8.297942e-01 [s]
Call CG dense on matrix size (2000 x 2000)
	[STEP 454] residual = 1.051045e-10, ||x|| = 3.118077e+19, ||Ax - b||/||b|| = 1.142905e+14
Time for CG (dense solver)  = 3.243308e-01 [s]
Call CG dense on matrix size (2000 x 2000)
	[STEP 454] residual = 1.051045e-10, ||x|| = 1.559038e+19, ||Ax - b||/||b|| = 5.714524e+13
Time for CG (dense solver)  = 1.921522e-01 [s]
Call CG dense on matrix size (2000 x 2000)
	[STEP 538] residual = 1.025229e-10, ||x|| = 7.795192e+18, ||Ax - b||/||b|| = 2.857262e+13
Time for CG (dense solver)  = 1.395314e-01 [s]
Call CG dense on matrix size (2000 x 2000)
	[STEP 2000] residual = 3.300557e-01, ||x|| = 3.897596e+18, ||Ax - b||/||b|| = 1.428631e+13
Time for CG (dense solver)  = 2.653472e-01 [s]
Call CG dense on matrix size (2000 x 2000)
	[STEP 2000] residual = 6.831348e+01, ||x|| = 1.948798e+18, ||Ax - b||/||b|| = 7.143155e+12
Time for CG (dense solver)  = 1.893332e-01 [s]
Call CG dense on matrix size (4000 x 4000)
	[STEP 612] residual = 1.034596e-10, ||x|| = 1.763851e+20, ||Ax - b||/||b|| = 1.154113e+14
Time for CG (dense solver)  = 5.542681e+00 [s]
Call CG dense on matrix size (4000 x 4000)
	[STEP 612] residual = 1.034600e-10, ||x|| = 8.819253e+19, ||Ax - b||/||b|| = 5.770565e+13
Time for CG (dense solver)  = 2.733059e+00 [s]
Call CG dense on matrix size (4000 x 4000)
	[STEP 631] residual = 1.084546e-10, ||x|| = 4.409627e+19, ||Ax - b||/||b|| = 2.885282e+13
Time for CG (dense solver)  = 1.462891e+00 [s]
Call CG dense on matrix size (4000 x 4000)
	[STEP 2028] residual = 1.006784e-10, ||x|| = 2.204813e+19, ||Ax - b||/||b|| = 1.442641e+13
Time for CG (dense solver)  = 2.437084e+00 [s]
Call CG dense on matrix size (4000 x 4000)
	[STEP 4000] residual = 7.821027e+01, ||x|| = 1.102407e+19, ||Ax - b||/||b|| = 7.213206e+12
Time for CG (dense solver)  = 2.840009e+00 [s]
Call CG dense on matrix size (4000 x 4000)
	[STEP 4000] residual = 5.211648e+02, ||x|| = 5.512033e+18, ||Ax - b||/||b|| = 3.606603e+12
Time for CG (dense solver)  = 2.341226e+00 [s]
Call CG dense on matrix size (6000 x 6000)
	[STEP 819] residual = 1.085607e-10, ||x|| = 3.240401e+20, ||Ax - b||/||b|| = 5.989477e+13
Time for CG (dense solver)  = 1.724340e+01 [s]
Call CG dense on matrix size (6000 x 6000)
	[STEP 819] residual = 1.085601e-10, ||x|| = 1.620200e+20, ||Ax - b||/||b|| = 2.994738e+13
Time for CG (dense solver)  = 8.419473e+00 [s]
Call CG dense on matrix size (6000 x 6000)
	[STEP 840] residual = 1.031963e-10, ||x|| = 8.101001e+19, ||Ax - b||/||b|| = 1.497369e+13
Time for CG (dense solver)  = 4.704565e+00 [s]
Call CG dense on matrix size (6000 x 6000)
	[STEP 911] residual = 1.004522e-10, ||x|| = 4.050501e+19, ||Ax - b||/||b|| = 7.486846e+12
Time for CG (dense solver)  = 2.706432e+00 [s]
Call CG dense on matrix size (6000 x 6000)
	[STEP 6000] residual = 5.701945e+00, ||x|| = 2.025250e+19, ||Ax - b||/||b|| = 3.743423e+12
Time for CG (dense solver)  = 1.050862e+01 [s]
Call CG dense on matrix size (6000 x 6000)
	[STEP 6000] residual = 1.070003e+02, ||x|| = 1.012625e+19, ||Ax - b||/||b|| = 1.871712e+12
Time for CG (dense solver)  = 9.452083e+00 [s]
Call CG dense on matrix size (8000 x 8000)
	[STEP 1002] residual = 1.037974e-10, ||x|| = 4.988923e+20, ||Ax - b||/||b|| = 3.744909e+13
Time for CG (dense solver)  = 3.641386e+01 [s]
Call CG dense on matrix size (8000 x 8000)
	[STEP 1002] residual = 1.037817e-10, ||x|| = 2.494462e+20, ||Ax - b||/||b|| = 1.872454e+13
Time for CG (dense solver)  = 1.869117e+01 [s]
Call CG dense on matrix size (8000 x 8000)
	[STEP 1009] residual = 1.002771e-10, ||x|| = 1.247231e+20, ||Ax - b||/||b|| = 9.362272e+12
Time for CG (dense solver)  = 9.768842e+00 [s]
Call CG dense on matrix size (8000 x 8000)
	[STEP 1065] residual = 1.012655e-10, ||x|| = 6.236154e+19, ||Ax - b||/||b|| = 4.681136e+12
Time for CG (dense solver)  = 5.779440e+00 [s]
Call CG dense on matrix size (8000 x 8000)
	[STEP 8000] residual = 7.095023e-02, ||x|| = 3.118077e+19, ||Ax - b||/||b|| = 2.340568e+12
Time for CG (dense solver)  = 2.497128e+01 [s]
Call CG dense on matrix size (8000 x 8000)
	[STEP 8000] residual = 3.601462e+00, ||x|| = 1.559038e+19, ||Ax - b||/||b|| = 1.170284e+12
Time for CG (dense solver)  = 2.221155e+01 [s]
Call CG dense on matrix size (10000 x 10000)
	[STEP 1130] residual = 1.035325e-10, ||x|| = 6.972232e+20, ||Ax - b||/||b|| = 2.703723e+13
Time for CG (dense solver)  = 6.449058e+01 [s]
Call CG dense on matrix size (10000 x 10000)
	[STEP 1130] residual = 1.034833e-10, ||x|| = 3.486116e+20, ||Ax - b||/||b|| = 1.351861e+13
Time for CG (dense solver)  = 3.209883e+01 [s]
Call CG dense on matrix size (10000 x 10000)
	[STEP 1130] residual = 1.035356e-10, ||x|| = 1.743058e+20, ||Ax - b||/||b|| = 6.759306e+12
Time for CG (dense solver)  = 1.675885e+01 [s]
Call CG dense on matrix size (10000 x 10000)
	[STEP 1156] residual = 1.046141e-10, ||x|| = 8.715290e+19, ||Ax - b||/||b|| = 3.379653e+12
Time for CG (dense solver)  = 9.264575e+00 [s]
Call CG dense on matrix size (10000 x 10000)
	[STEP 10000] residual = 1.252159e-02, ||x|| = 4.357645e+19, ||Ax - b||/||b|| = 1.689827e+12
Time for CG (dense solver)  = 4.892840e+01 [s]
Call CG dense on matrix size (10000 x 10000)
	[STEP 10000] residual = 5.789705e-02, ||x|| = 2.178822e+19, ||Ax - b||/||b|| = 8.449133e+11
Time for CG (dense solver)  = 4.381814e+01 [s]
Call CG dense on matrix size (2500 x 2500)
	[STEP 525] residual = 1.036416e-10, ||x|| = 8.715290e+19, ||Ax - b||/||b|| = 2.053067e+14
Time for CG (dense solver)  = 1.623007e+00 [s]
Call CG dense on matrix size (3535 x 3535)
	[STEP 574] residual = 1.119414e-10, ||x|| = 7.326996e+19, ||Ax - b||/||b|| = 6.912475e+13
Time for CG (dense solver)  = 1.964756e+00 [s]
Call CG dense on matrix size (5000 x 5000)
	[STEP 750] residual = 1.018454e-10, ||x|| = 6.162641e+19, ||Ax - b||/||b|| = 2.025816e+13
Time for CG (dense solver)  = 2.768345e+00 [s]
Call CG dense on matrix size (7071 x 7071)
	[STEP 992] residual = 1.000450e-10, ||x|| = 5.182068e+19, ||Ax - b||/||b|| = 5.704853e+12
Time for CG (dense solver)  = 4.145225e+00 [s]
Call CG dense on matrix size (10000 x 10000)
	[STEP 10000] residual = 1.252159e-02, ||x|| = 4.357645e+19, ||Ax - b||/||b|| = 1.689827e+12
Time for CG (dense solver)  = 4.868820e+01 [s]
