make: Nothing to be done for 'all'.
Call CG dense on matrix size (10000 x 10000)
	[STEP 488] residual = 1.098465e-10, ||x|| = 2.147364e+09, ||Ax - b||/||b|| = 1.305347e-12
Time for CG (dense solver)  = 2.907730e+01 [s]
Call CG dense on matrix size (10000 x 10000)
	[STEP 488] residual = 1.108199e-10, ||x|| = 2.147364e+09, ||Ax - b||/||b|| = 1.327049e-12
Time for CG (dense solver)  = 1.459706e+01 [s]
Call CG dense on matrix size (10000 x 10000)
	[STEP 488] residual = 1.040605e-10, ||x|| = 2.147364e+09, ||Ax - b||/||b|| = 1.332441e-12
Time for CG (dense solver)  = 7.748848e+00 [s]
Call CG dense on matrix size (10000 x 10000)
	[STEP 488] residual = 1.105784e-10, ||x|| = 2.147364e+09, ||Ax - b||/||b|| = 1.328438e-12
Time for CG (dense solver)  = 4.375981e+00 [s]
Call CG dense on matrix size (10000 x 10000)
	[STEP 1174] residual = 1.018154e-10, ||x|| = 2.147364e+09, ||Ax - b||/||b|| = 2.059099e-12
Time for CG (dense solver)  = 6.204547e+00 [s]
Call CG dense on matrix size (2500 x 2500)
	[STEP 257] residual = 1.115566e-10, ||x|| = 3.424635e+07, ||Ax - b||/||b|| = 1.195290e-13
Time for CG (dense solver)  = 9.019708e-01 [s]
Call CG dense on matrix size (3535 x 3535)
	[STEP 323] residual = 1.158195e-10, ||x|| = 1.038660e+08, ||Ax - b||/||b|| = 2.620690e-13
Time for CG (dense solver)  = 1.163787e+00 [s]
Call CG dense on matrix size (5000 x 5000)
	[STEP 384] residual = 1.082142e-10, ||x|| = 3.086671e+08, ||Ax - b||/||b|| = 4.473148e-13
Time for CG (dense solver)  = 1.536488e+00 [s]
Call CG dense on matrix size (7071 x 7071)
	[STEP 473] residual = 1.132301e-10, ||x|| = 8.564147e+08, ||Ax - b||/||b|| = 8.510646e-13
Time for CG (dense solver)  = 2.160717e+00 [s]
Call CG dense on matrix size (10000 x 10000)
	[STEP 1174] residual = 1.018154e-10, ||x|| = 2.147364e+09, ||Ax - b||/||b|| = 2.059099e-12
Time for CG (dense solver)  = 6.171730e+00 [s]
